<!DOCTYPE html>

<html>
  <head>
  <meta charset='utf-8'>
  <title>TestNG reports</title>

    <link type="text/css" href="testng-reports1.css" rel="stylesheet" id="ultra" />
    <link type="text/css" href="testng-reports.css" rel="stylesheet" id="retro" disabled="false"/>
    <script type="text/javascript" src="jquery-3.6.0.min.js"></script>
    <script type="text/javascript" src="testng-reports.js"></script>
    <script type="text/javascript" src="https://www.google.com/jsapi"></script>
    <script type='text/javascript'>
      google.load('visualization', '1', {packages:['table']});
      google.setOnLoadCallback(drawTable);
      var suiteTableInitFunctions = new Array();
      var suiteTableData = new Array();
    </script>
    <!--
      <script type="text/javascript" src="jquery-ui/js/jquery-ui-1.8.16.custom.min.js"></script>
     -->
  </head>

  <body>    <div class="top-banner-root">
      <span class="top-banner-title-font">Test results</span>
      <button id="button" class="button">Switch Retro Theme</button> <!-- button -->
      <br/>
      <span class="top-banner-font-1">1 suite, 21 failed tests</span>
    </div> <!-- top-banner-root -->
    <div class="navigator-root">
      <div class="navigator-suite-header">
        <span>All suites</span>
        <a href="#" title="Collapse/expand all the suites" class="collapse-all-link">
          <img src="collapseall.gif" class="collapse-all-icon">
          </img> <!-- collapse-all-icon -->
        </a> <!-- collapse-all-link -->
      </div> <!-- navigator-suite-header -->
      <div class="suite">
        <div class="rounded-window">
          <div class="suite-header light-rounded-window-top">
            <a href="#" panel-name="suite-ProvidioTestcases" class="navigator-link">
              <span class="suite-name border-failed">ProvidioTestcases</span>
            </a> <!-- navigator-link -->
          </div> <!-- suite-header light-rounded-window-top -->
          <div class="navigator-suite-content">
            <div class="suite-section-title">
              <span>Info</span>
            </div> <!-- suite-section-title -->
            <div class="suite-section-content">
              <ul>
                <li>
                  <a href="#" panel-name="test-xml-ProvidioTestcases" class="navigator-link ">
                    <span>C:\Users\user\git\Fmg1\proVidioETG\RegUser.xml</span>
                  </a> <!-- navigator-link  -->
                </li>
                <li>
                  <a href="#" panel-name="testlist-ProvidioTestcases" class="navigator-link ">
                    <span class="test-stats">1 test</span>
                  </a> <!-- navigator-link  -->
                </li>
                <li>
                  <a href="#" panel-name="group-ProvidioTestcases" class="navigator-link ">
                    <span>0 groups</span>
                  </a> <!-- navigator-link  -->
                </li>
                <li>
                  <a href="#" panel-name="times-ProvidioTestcases" class="navigator-link ">
                    <span>Times</span>
                  </a> <!-- navigator-link  -->
                </li>
                <li>
                  <a href="#" panel-name="reporter-ProvidioTestcases" class="navigator-link ">
                    <span>Reporter output</span>
                  </a> <!-- navigator-link  -->
                </li>
                <li>
                  <a href="#" panel-name="ignored-methods-ProvidioTestcases" class="navigator-link ">
                    <span>Ignored methods</span>
                  </a> <!-- navigator-link  -->
                </li>
                <li>
                  <a href="#" panel-name="chronological-ProvidioTestcases" class="navigator-link ">
                    <span>Chronological view</span>
                  </a> <!-- navigator-link  -->
                </li>
              </ul>
            </div> <!-- suite-section-content -->
            <div class="result-section">
              <div class="suite-section-title">
                <span>Results</span>
              </div> <!-- suite-section-title -->
              <div class="suite-section-content">
                <ul>
                  <li>
                    <span class="method-stats">22 methods, 21 failed,   1 passed</span>
                  </li>
                  <li>
                    <span class="method-list-title failed">Failed methods</span>
                    <span class="show-or-hide-methods failed">
                      <a href="#" panel-name="suite-ProvidioTestcases" class="hide-methods failed suite-ProvidioTestcases"> (hide)</a> <!-- hide-methods failed suite-ProvidioTestcases -->
                      <a href="#" panel-name="suite-ProvidioTestcases" class="show-methods failed suite-ProvidioTestcases"> (show)</a> <!-- show-methods failed suite-ProvidioTestcases -->
                    </span>
                    <div class="method-list-content failed suite-ProvidioTestcases">
                      <span>
                        <img src="failed.png" width="3%"/>
                        <a href="#" panel-name="suite-ProvidioTestcases" title="com.providio.logout.tc__LogOut" class="method navigator-link" hash-for-method="Logout">Logout</a> <!-- method navigator-link -->
                      </span>
                      <br/>
                      <span>
                        <img src="failed.png" width="3%"/>
                        <a href="#" panel-name="suite-ProvidioTestcases" title="com.RegUserWith_CreditCard.tc__OnlyGiftCards_RegUser_InCc" class="method navigator-link" hash-for-method="OnlyGiftCards">OnlyGiftCards</a> <!-- method navigator-link -->
                      </span>
                      <br/>
                      <span>
                        <img src="failed.png" width="3%"/>
                        <a href="#" panel-name="suite-ProvidioTestcases" title="com.RegUserWith_GcAndPaypal.tc__OnlyGiftCards_Reg_InGcAndPaypal" class="method navigator-link" hash-for-method="OnlyGiftCards">OnlyGiftCards</a> <!-- method navigator-link -->
                      </span>
                      <br/>
                      <span>
                        <img src="failed.png" width="3%"/>
                        <a href="#" panel-name="suite-ProvidioTestcases" title="com.RegUserWith_Checkout_Paypal.tc__OnlyGiftCards_Checkout_Paypal_RegUser" class="method navigator-link" hash-for-method="OnlyGiftCards">OnlyGiftCards</a> <!-- method navigator-link -->
                      </span>
                      <br/>
                      <span>
                        <img src="failed.png" width="3%"/>
                        <a href="#" panel-name="suite-ProvidioTestcases" title="com.RegUserWith_GcAndCC.tc__OnlyGiftCards_Reg_InGcAndCC" class="method navigator-link" hash-for-method="OnlyGiftCards">OnlyGiftCards</a> <!-- method navigator-link -->
                      </span>
                      <br/>
                      <span>
                        <img src="failed.png" width="3%"/>
                        <a href="#" panel-name="suite-ProvidioTestcases" title="com.RegUserWith_ViewCart_Paypal.tc__OnlyGiftCards_GuestUser_VC_Paypal" class="method navigator-link" hash-for-method="OnlyGiftCards">OnlyGiftCards</a> <!-- method navigator-link -->
                      </span>
                      <br/>
                      <span>
                        <img src="failed.png" width="3%"/>
                        <a href="#" panel-name="suite-ProvidioTestcases" title="com.RegUserWith_GiftCard.tc__OnlyGiftCards_Reg_InGc" class="method navigator-link" hash-for-method="OnlyGiftCards">OnlyGiftCards</a> <!-- method navigator-link -->
                      </span>
                      <br/>
                      <span>
                        <img src="failed.png" width="3%"/>
                        <a href="#" panel-name="suite-ProvidioTestcases" title="com.RegUserWith_GcAndCC.tc__BySearchingProduct_RegUser_InGcAndCc" class="method navigator-link" hash-for-method="bySearchingProduct">bySearchingProduct</a> <!-- method navigator-link -->
                      </span>
                      <br/>
                      <span>
                        <img src="failed.png" width="3%"/>
                        <a href="#" panel-name="suite-ProvidioTestcases" title="com.RegUserWith_CreditCard.tc__BySearchingProduct_RegUser_InCC" class="method navigator-link" hash-for-method="bySearchingProduct">bySearchingProduct</a> <!-- method navigator-link -->
                      </span>
                      <br/>
                      <span>
                        <img src="failed.png" width="3%"/>
                        <a href="#" panel-name="suite-ProvidioTestcases" title="com.RegUserWith_Checkout_Paypal.tc__BySearchingProduct_RegUser_InCheckoutPaypal" class="method navigator-link" hash-for-method="bySearchingProduct">bySearchingProduct</a> <!-- method navigator-link -->
                      </span>
                      <br/>
                      <span>
                        <img src="failed.png" width="3%"/>
                        <a href="#" panel-name="suite-ProvidioTestcases" title="com.RegUserWith_ViewCart_Paypal.tc__BySearchingProduct_Reg_InVC_Paypal" class="method navigator-link" hash-for-method="bySearchingProduct">bySearchingProduct</a> <!-- method navigator-link -->
                      </span>
                      <br/>
                      <span>
                        <img src="failed.png" width="3%"/>
                        <a href="#" panel-name="suite-ProvidioTestcases" title="com.RegUserWith_GiftCard.tc__BySearchingProduct_Reg_InGc" class="method navigator-link" hash-for-method="bySearchingProduct">bySearchingProduct</a> <!-- method navigator-link -->
                      </span>
                      <br/>
                      <span>
                        <img src="failed.png" width="3%"/>
                        <a href="#" panel-name="suite-ProvidioTestcases" title="com.RegUserWith_GiftCard.tc__RandomProducts_GuestUser_Gc" class="method navigator-link" hash-for-method="paymentByGiftCardInGuestUser">paymentByGiftCardInGuestUser</a> <!-- method navigator-link -->
                      </span>
                      <br/>
                      <span>
                        <img src="failed.png" width="3%"/>
                        <a href="#" panel-name="suite-ProvidioTestcases" title="com.RegUserWith_Checkout_Paypal.tc__RandomProducts_CheckoutPaypal_RegUser" class="method navigator-link" hash-for-method="randomProducts">randomProducts</a> <!-- method navigator-link -->
                      </span>
                      <br/>
                      <span>
                        <img src="failed.png" width="3%"/>
                        <a href="#" panel-name="suite-ProvidioTestcases" title="com.RegUserWith_GcAndPaypal.tc__RandomProductsGuestUser_InGcAndPaypal" class="method navigator-link" hash-for-method="simpleProduct">simpleProduct</a> <!-- method navigator-link -->
                      </span>
                      <br/>
                      <span>
                        <img src="failed.png" width="3%"/>
                        <a href="#" panel-name="suite-ProvidioTestcases" title="com.RegUserWith_GcAndPaypal.tc__simpleProductAndGc_InGcAndPaypal" class="method navigator-link" hash-for-method="simpleProduct_Gc">simpleProduct_Gc</a> <!-- method navigator-link -->
                      </span>
                      <br/>
                      <span>
                        <img src="failed.png" width="3%"/>
                        <a href="#" panel-name="suite-ProvidioTestcases" title="com.RegUserWith_Checkout_Paypal.tc__SimpleProductAndGc_InCheckout_Paypal_RegUser" class="method navigator-link" hash-for-method="simpleProduct_Gc">simpleProduct_Gc</a> <!-- method navigator-link -->
                      </span>
                      <br/>
                      <span>
                        <img src="failed.png" width="3%"/>
                        <a href="#" panel-name="suite-ProvidioTestcases" title="com.RegUserWith_GcAndCC.tc__simpleProductAndGc_InCCAndCc_InRegUser" class="method navigator-link" hash-for-method="simpleProduct_Gc">simpleProduct_Gc</a> <!-- method navigator-link -->
                      </span>
                      <br/>
                      <span>
                        <img src="failed.png" width="3%"/>
                        <a href="#" panel-name="suite-ProvidioTestcases" title="com.RegUserWith_CreditCard.tc__simpleProductAndGc_InCC" class="method navigator-link" hash-for-method="simpleProduct_Gc">simpleProduct_Gc</a> <!-- method navigator-link -->
                      </span>
                      <br/>
                      <span>
                        <img src="failed.png" width="3%"/>
                        <a href="#" panel-name="suite-ProvidioTestcases" title="com.RegUserWith_GiftCard.tc__SimpleProductAndGc_Reg_InGc" class="method navigator-link" hash-for-method="simpleProduct_Gc">simpleProduct_Gc</a> <!-- method navigator-link -->
                      </span>
                      <br/>
                      <span>
                        <img src="failed.png" width="3%"/>
                        <a href="#" panel-name="suite-ProvidioTestcases" title="com.RegUserWith_ViewCart_Paypal.tc__simpleProductAndGc_Reg_InVC_Paypal" class="method navigator-link" hash-for-method="simpleProduct_Gc">simpleProduct_Gc</a> <!-- method navigator-link -->
                      </span>
                      <br/>
                    </div> <!-- method-list-content failed suite-ProvidioTestcases -->
                  </li>
                  <li>
                    <span class="method-list-title passed">Passed methods</span>
                    <span class="show-or-hide-methods passed">
                      <a href="#" panel-name="suite-ProvidioTestcases" class="hide-methods passed suite-ProvidioTestcases"> (hide)</a> <!-- hide-methods passed suite-ProvidioTestcases -->
                      <a href="#" panel-name="suite-ProvidioTestcases" class="show-methods passed suite-ProvidioTestcases"> (show)</a> <!-- show-methods passed suite-ProvidioTestcases -->
                    </span>
                    <div class="method-list-content passed suite-ProvidioTestcases">
                      <span>
                        <img src="passed.png" width="3%"/>
                        <a href="#" panel-name="suite-ProvidioTestcases" title="com.providio.login.tc__Login" class="method navigator-link" hash-for-method="loginTest">loginTest</a> <!-- method navigator-link -->
                      </span>
                      <br/>
                    </div> <!-- method-list-content passed suite-ProvidioTestcases -->
                  </li>
                </ul>
              </div> <!-- suite-section-content -->
            </div> <!-- result-section -->
          </div> <!-- navigator-suite-content -->
        </div> <!-- rounded-window -->
      </div> <!-- suite -->
    </div> <!-- navigator-root -->
    <div class="wrapper">
      <div class="main-panel-root">
        <div panel-name="suite-ProvidioTestcases" class="panel ProvidioTestcases">
          <div class="suite-ProvidioTestcases-class-failed">
            <div class="main-panel-header rounded-window-top">
              <img src="failed.png"/>
              <span class="class-name">com.RegUserWith_GiftCard.tc__BySearchingProduct_Reg_InGc</span>
            </div> <!-- main-panel-header rounded-window-top -->
            <div class="main-panel-content rounded-window-bottom">
              <div class="method">
                <div class="method-content">
                  <a name="bySearchingProduct">
                  </a> <!-- bySearchingProduct -->
                  <span class="method-name">bySearchingProduct</span>
                  <div class="stack-trace">org.openqa.selenium.NoSuchWindowException: no such window: target window already closed
from unknown error: web view not found
  (Session info: chrome=118.0.5993.118)
Build info: version: &apos;4.11.0&apos;, revision: &apos;040bc5406b&apos;
System info: os.name: &apos;Windows 10&apos;, os.arch: &apos;amd64&apos;, os.version: &apos;10.0&apos;, java.version: &apos;17.0.2&apos;
Driver info: org.openqa.selenium.chrome.ChromeDriver
Command: [6e1b3f5058ce90010d873056c4931cea, findElement {using=xpath, value=//input[@name=&apos;q&apos;]}]
Capabilities {acceptInsecureCerts: false, browserName: chrome, browserVersion: 118.0.5993.118, chrome: {chromedriverVersion: 118.0.5993.70 (e52f33f30b91..., userDataDir: C:\Users\user\AppData\Local...}, fedcm:accounts: true, goog:chromeOptions: {debuggerAddress: localhost:55898}, networkConnectionEnabled: false, pageLoadStrategy: normal, platformName: windows, proxy: Proxy(), se:cdp: ws://localhost:55898/devtoo..., se:cdpVersion: 118.0.5993.118, setWindowRect: true, strictFileInteractability: false, timeouts: {implicit: 0, pageLoad: 300000, script: 30000}, unhandledPromptBehavior: dismiss and notify, webauthn:extension:credBlob: true, webauthn:extension:largeBlob: true, webauthn:extension:minPinLength: true, webauthn:extension:prf: true, webauthn:virtualAuthenticators: true}
Session ID: 6e1b3f5058ce90010d873056c4931cea
	at org.openqa.selenium.remote.codec.w3c.W3CHttpResponseCodec.createException(W3CHttpResponseCodec.java:200)
	at org.openqa.selenium.remote.codec.w3c.W3CHttpResponseCodec.decode(W3CHttpResponseCodec.java:133)
	at org.openqa.selenium.remote.codec.w3c.W3CHttpResponseCodec.decode(W3CHttpResponseCodec.java:52)
	at org.openqa.selenium.remote.HttpCommandExecutor.execute(HttpCommandExecutor.java:191)
	at org.openqa.selenium.remote.service.DriverCommandExecutor.invokeExecute(DriverCommandExecutor.java:196)
	at org.openqa.selenium.remote.service.DriverCommandExecutor.execute(DriverCommandExecutor.java:171)
	at org.openqa.selenium.remote.RemoteWebDriver.execute(RemoteWebDriver.java:518)
	at org.openqa.selenium.remote.ElementLocation$ElementFinder$2.findElement(ElementLocation.java:165)
	at org.openqa.selenium.remote.ElementLocation.findElement(ElementLocation.java:59)
	at org.openqa.selenium.remote.RemoteWebDriver.findElement(RemoteWebDriver.java:355)
	at org.openqa.selenium.remote.RemoteWebDriver.findElement(RemoteWebDriver.java:349)
	at org.openqa.selenium.support.pagefactory.DefaultElementLocator.findElement(DefaultElementLocator.java:68)
	at org.openqa.selenium.support.pagefactory.internal.LocatingElementHandler.invoke(LocatingElementHandler.java:38)
	at jdk.proxy2/jdk.proxy2.$Proxy19.sendKeys(Unknown Source)
	at com.PageObjects.homePage.clickOnSearchBar(homePage.java:51)
	at com.providio.Scenarios.SearchingProduct.searchingProduct(SearchingProduct.java:20)
	at com.RegUserWith_GiftCard.tc__BySearchingProduct_Reg_InGc.bySearchingProduct(tc__BySearchingProduct_Reg_InGc.java:25)
	at java.base/java.util.ArrayList.forEach(ArrayList.java:1511)
... Removed 31 stack frames
</div> <!-- stack-trace -->
                </div> <!-- method-content -->
              </div> <!-- method -->
            </div> <!-- main-panel-content rounded-window-bottom -->
          </div> <!-- suite-ProvidioTestcases-class-failed -->
          <div class="suite-ProvidioTestcases-class-failed">
            <div class="main-panel-header rounded-window-top">
              <img src="failed.png"/>
              <span class="class-name">com.RegUserWith_ViewCart_Paypal.tc__BySearchingProduct_Reg_InVC_Paypal</span>
            </div> <!-- main-panel-header rounded-window-top -->
            <div class="main-panel-content rounded-window-bottom">
              <div class="method">
                <div class="method-content">
                  <a name="bySearchingProduct">
                  </a> <!-- bySearchingProduct -->
                  <span class="method-name">bySearchingProduct</span>
                  <div class="stack-trace">org.openqa.selenium.NoSuchWindowException: no such window: target window already closed
from unknown error: web view not found
  (Session info: chrome=118.0.5993.118)
Build info: version: &apos;4.11.0&apos;, revision: &apos;040bc5406b&apos;
System info: os.name: &apos;Windows 10&apos;, os.arch: &apos;amd64&apos;, os.version: &apos;10.0&apos;, java.version: &apos;17.0.2&apos;
Driver info: org.openqa.selenium.chrome.ChromeDriver
Command: [6e1b3f5058ce90010d873056c4931cea, findElement {using=xpath, value=//input[@name=&apos;q&apos;]}]
Capabilities {acceptInsecureCerts: false, browserName: chrome, browserVersion: 118.0.5993.118, chrome: {chromedriverVersion: 118.0.5993.70 (e52f33f30b91..., userDataDir: C:\Users\user\AppData\Local...}, fedcm:accounts: true, goog:chromeOptions: {debuggerAddress: localhost:55898}, networkConnectionEnabled: false, pageLoadStrategy: normal, platformName: windows, proxy: Proxy(), se:cdp: ws://localhost:55898/devtoo..., se:cdpVersion: 118.0.5993.118, setWindowRect: true, strictFileInteractability: false, timeouts: {implicit: 0, pageLoad: 300000, script: 30000}, unhandledPromptBehavior: dismiss and notify, webauthn:extension:credBlob: true, webauthn:extension:largeBlob: true, webauthn:extension:minPinLength: true, webauthn:extension:prf: true, webauthn:virtualAuthenticators: true}
Session ID: 6e1b3f5058ce90010d873056c4931cea
	at org.openqa.selenium.remote.codec.w3c.W3CHttpResponseCodec.createException(W3CHttpResponseCodec.java:200)
	at org.openqa.selenium.remote.codec.w3c.W3CHttpResponseCodec.decode(W3CHttpResponseCodec.java:133)
	at org.openqa.selenium.remote.codec.w3c.W3CHttpResponseCodec.decode(W3CHttpResponseCodec.java:52)
	at org.openqa.selenium.remote.HttpCommandExecutor.execute(HttpCommandExecutor.java:191)
	at org.openqa.selenium.remote.service.DriverCommandExecutor.invokeExecute(DriverCommandExecutor.java:196)
	at org.openqa.selenium.remote.service.DriverCommandExecutor.execute(DriverCommandExecutor.java:171)
	at org.openqa.selenium.remote.RemoteWebDriver.execute(RemoteWebDriver.java:518)
	at org.openqa.selenium.remote.ElementLocation$ElementFinder$2.findElement(ElementLocation.java:165)
	at org.openqa.selenium.remote.ElementLocation.findElement(ElementLocation.java:59)
	at org.openqa.selenium.remote.RemoteWebDriver.findElement(RemoteWebDriver.java:355)
	at org.openqa.selenium.remote.RemoteWebDriver.findElement(RemoteWebDriver.java:349)
	at org.openqa.selenium.support.pagefactory.DefaultElementLocator.findElement(DefaultElementLocator.java:68)
	at org.openqa.selenium.support.pagefactory.internal.LocatingElementHandler.invoke(LocatingElementHandler.java:38)
	at jdk.proxy2/jdk.proxy2.$Proxy19.sendKeys(Unknown Source)
	at com.PageObjects.homePage.clickOnSearchBar(homePage.java:51)
	at com.providio.Scenarios.SearchingProduct.searchingProduct(SearchingProduct.java:20)
	at com.RegUserWith_ViewCart_Paypal.tc__BySearchingProduct_Reg_InVC_Paypal.bySearchingProduct(tc__BySearchingProduct_Reg_InVC_Paypal.java:24)
	at java.base/java.util.ArrayList.forEach(ArrayList.java:1511)
... Removed 31 stack frames
</div> <!-- stack-trace -->
                </div> <!-- method-content -->
              </div> <!-- method -->
            </div> <!-- main-panel-content rounded-window-bottom -->
          </div> <!-- suite-ProvidioTestcases-class-failed -->
          <div class="suite-ProvidioTestcases-class-failed">
            <div class="main-panel-header rounded-window-top">
              <img src="failed.png"/>
              <span class="class-name">com.RegUserWith_GcAndPaypal.tc__RandomProductsGuestUser_InGcAndPaypal</span>
            </div> <!-- main-panel-header rounded-window-top -->
            <div class="main-panel-content rounded-window-bottom">
              <div class="method">
                <div class="method-content">
                  <a name="simpleProduct">
                  </a> <!-- simpleProduct -->
                  <span class="method-name">simpleProduct</span>
                  <div class="stack-trace">org.openqa.selenium.NoSuchWindowException: no such window: target window already closed
from unknown error: web view not found
  (Session info: chrome=118.0.5993.118)
Build info: version: &apos;4.11.0&apos;, revision: &apos;040bc5406b&apos;
System info: os.name: &apos;Windows 10&apos;, os.arch: &apos;amd64&apos;, os.version: &apos;10.0&apos;, java.version: &apos;17.0.2&apos;
Driver info: org.openqa.selenium.chrome.ChromeDriver
Command: [6e1b3f5058ce90010d873056c4931cea, findElements {using=xpath, value=//a[contains(@class,&apos;nav-link dropdown&apos;)]}]
Capabilities {acceptInsecureCerts: false, browserName: chrome, browserVersion: 118.0.5993.118, chrome: {chromedriverVersion: 118.0.5993.70 (e52f33f30b91..., userDataDir: C:\Users\user\AppData\Local...}, fedcm:accounts: true, goog:chromeOptions: {debuggerAddress: localhost:55898}, networkConnectionEnabled: false, pageLoadStrategy: normal, platformName: windows, proxy: Proxy(), se:cdp: ws://localhost:55898/devtoo..., se:cdpVersion: 118.0.5993.118, setWindowRect: true, strictFileInteractability: false, timeouts: {implicit: 0, pageLoad: 300000, script: 30000}, unhandledPromptBehavior: dismiss and notify, webauthn:extension:credBlob: true, webauthn:extension:largeBlob: true, webauthn:extension:minPinLength: true, webauthn:extension:prf: true, webauthn:virtualAuthenticators: true}
Session ID: 6e1b3f5058ce90010d873056c4931cea
	at org.openqa.selenium.remote.codec.w3c.W3CHttpResponseCodec.createException(W3CHttpResponseCodec.java:200)
	at org.openqa.selenium.remote.codec.w3c.W3CHttpResponseCodec.decode(W3CHttpResponseCodec.java:133)
	at org.openqa.selenium.remote.codec.w3c.W3CHttpResponseCodec.decode(W3CHttpResponseCodec.java:52)
	at org.openqa.selenium.remote.HttpCommandExecutor.execute(HttpCommandExecutor.java:191)
	at org.openqa.selenium.remote.service.DriverCommandExecutor.invokeExecute(DriverCommandExecutor.java:196)
	at org.openqa.selenium.remote.service.DriverCommandExecutor.execute(DriverCommandExecutor.java:171)
	at org.openqa.selenium.remote.RemoteWebDriver.execute(RemoteWebDriver.java:518)
	at org.openqa.selenium.remote.ElementLocation$ElementFinder$2.findElements(ElementLocation.java:182)
	at org.openqa.selenium.remote.ElementLocation.findElements(ElementLocation.java:103)
	at org.openqa.selenium.remote.RemoteWebDriver.findElements(RemoteWebDriver.java:368)
	at org.openqa.selenium.remote.RemoteWebDriver.findElements(RemoteWebDriver.java:362)
	at com.Scenarios.MenuSelection.randommenu(MenuSelection.java:38)
	at com.Scenarios.MenuSelection.menues(MenuSelection.java:20)
	at com.commonfunctionality.SelectionFromNavToPdp.selectingFromPdp(SelectionFromNavToPdp.java:15)
	at com.RegUserWith_GcAndPaypal.tc__RandomProductsGuestUser_InGcAndPaypal.simpleProduct(tc__RandomProductsGuestUser_InGcAndPaypal.java:25)
	at java.base/java.util.ArrayList.forEach(ArrayList.java:1511)
... Removed 31 stack frames
</div> <!-- stack-trace -->
                </div> <!-- method-content -->
              </div> <!-- method -->
            </div> <!-- main-panel-content rounded-window-bottom -->
          </div> <!-- suite-ProvidioTestcases-class-failed -->
          <div class="suite-ProvidioTestcases-class-failed">
            <div class="main-panel-header rounded-window-top">
              <img src="failed.png"/>
              <span class="class-name">com.RegUserWith_GiftCard.tc__OnlyGiftCards_Reg_InGc</span>
            </div> <!-- main-panel-header rounded-window-top -->
            <div class="main-panel-content rounded-window-bottom">
              <div class="method">
                <div class="method-content">
                  <a name="OnlyGiftCards">
                  </a> <!-- OnlyGiftCards -->
                  <span class="method-name">OnlyGiftCards</span>
                  <div class="stack-trace">org.openqa.selenium.NoSuchWindowException: no such window: target window already closed
from unknown error: web view not found
  (Session info: chrome=118.0.5993.118)
Build info: version: &apos;4.11.0&apos;, revision: &apos;040bc5406b&apos;
System info: os.name: &apos;Windows 10&apos;, os.arch: &apos;amd64&apos;, os.version: &apos;10.0&apos;, java.version: &apos;17.0.2&apos;
Driver info: org.openqa.selenium.chrome.ChromeDriver
Command: [6e1b3f5058ce90010d873056c4931cea, findElements {using=class name, value=premega-nav-block}]
Capabilities {acceptInsecureCerts: false, browserName: chrome, browserVersion: 118.0.5993.118, chrome: {chromedriverVersion: 118.0.5993.70 (e52f33f30b91..., userDataDir: C:\Users\user\AppData\Local...}, fedcm:accounts: true, goog:chromeOptions: {debuggerAddress: localhost:55898}, networkConnectionEnabled: false, pageLoadStrategy: normal, platformName: windows, proxy: Proxy(), se:cdp: ws://localhost:55898/devtoo..., se:cdpVersion: 118.0.5993.118, setWindowRect: true, strictFileInteractability: false, timeouts: {implicit: 0, pageLoad: 300000, script: 30000}, unhandledPromptBehavior: dismiss and notify, webauthn:extension:credBlob: true, webauthn:extension:largeBlob: true, webauthn:extension:minPinLength: true, webauthn:extension:prf: true, webauthn:virtualAuthenticators: true}
Session ID: 6e1b3f5058ce90010d873056c4931cea
	at org.openqa.selenium.remote.codec.w3c.W3CHttpResponseCodec.createException(W3CHttpResponseCodec.java:200)
	at org.openqa.selenium.remote.codec.w3c.W3CHttpResponseCodec.decode(W3CHttpResponseCodec.java:133)
	at org.openqa.selenium.remote.codec.w3c.W3CHttpResponseCodec.decode(W3CHttpResponseCodec.java:52)
	at org.openqa.selenium.remote.HttpCommandExecutor.execute(HttpCommandExecutor.java:191)
	at org.openqa.selenium.remote.service.DriverCommandExecutor.invokeExecute(DriverCommandExecutor.java:196)
	at org.openqa.selenium.remote.service.DriverCommandExecutor.execute(DriverCommandExecutor.java:171)
	at org.openqa.selenium.remote.RemoteWebDriver.execute(RemoteWebDriver.java:518)
	at org.openqa.selenium.remote.ElementLocation$ElementFinder$2.findElements(ElementLocation.java:182)
	at org.openqa.selenium.remote.ElementLocation.findElements(ElementLocation.java:103)
	at org.openqa.selenium.remote.RemoteWebDriver.findElements(RemoteWebDriver.java:368)
	at org.openqa.selenium.remote.RemoteWebDriver.findElements(RemoteWebDriver.java:362)
	at org.openqa.selenium.support.pagefactory.DefaultElementLocator.findElements(DefaultElementLocator.java:83)
	at org.openqa.selenium.support.pagefactory.internal.LocatingElementListHandler.invoke(LocatingElementListHandler.java:36)
	at jdk.proxy2/jdk.proxy2.$Proxy20.size(Unknown Source)
	at com.PageObjects.GiftCertificate.clickOnGiftCard(GiftCertificate.java:99)
	at com.providio.Scenarios.giftCard.giftCards(giftCard.java:13)
	at com.RegUserWith_GiftCard.tc__OnlyGiftCards_Reg_InGc.OnlyGiftCards(tc__OnlyGiftCards_Reg_InGc.java:25)
	at java.base/java.util.ArrayList.forEach(ArrayList.java:1511)
... Removed 31 stack frames
</div> <!-- stack-trace -->
                </div> <!-- method-content -->
              </div> <!-- method -->
            </div> <!-- main-panel-content rounded-window-bottom -->
          </div> <!-- suite-ProvidioTestcases-class-failed -->
          <div class="suite-ProvidioTestcases-class-failed">
            <div class="main-panel-header rounded-window-top">
              <img src="failed.png"/>
              <span class="class-name">com.RegUserWith_CreditCard.tc__BySearchingProduct_RegUser_InCC</span>
            </div> <!-- main-panel-header rounded-window-top -->
            <div class="main-panel-content rounded-window-bottom">
              <div class="method">
                <div class="method-content">
                  <a name="bySearchingProduct">
                  </a> <!-- bySearchingProduct -->
                  <span class="method-name">bySearchingProduct</span>
                  <div class="stack-trace">org.openqa.selenium.NoSuchWindowException: no such window: target window already closed
from unknown error: web view not found
  (Session info: chrome=118.0.5993.118)
Build info: version: &apos;4.11.0&apos;, revision: &apos;040bc5406b&apos;
System info: os.name: &apos;Windows 10&apos;, os.arch: &apos;amd64&apos;, os.version: &apos;10.0&apos;, java.version: &apos;17.0.2&apos;
Driver info: org.openqa.selenium.chrome.ChromeDriver
Command: [6e1b3f5058ce90010d873056c4931cea, findElements {using=xpath, value=(//h2[contains(text(),&apos;Shipping Address&apos;)])[1]}]
Capabilities {acceptInsecureCerts: false, browserName: chrome, browserVersion: 118.0.5993.118, chrome: {chromedriverVersion: 118.0.5993.70 (e52f33f30b91..., userDataDir: C:\Users\user\AppData\Local...}, fedcm:accounts: true, goog:chromeOptions: {debuggerAddress: localhost:55898}, networkConnectionEnabled: false, pageLoadStrategy: normal, platformName: windows, proxy: Proxy(), se:cdp: ws://localhost:55898/devtoo..., se:cdpVersion: 118.0.5993.118, setWindowRect: true, strictFileInteractability: false, timeouts: {implicit: 0, pageLoad: 300000, script: 30000}, unhandledPromptBehavior: dismiss and notify, webauthn:extension:credBlob: true, webauthn:extension:largeBlob: true, webauthn:extension:minPinLength: true, webauthn:extension:prf: true, webauthn:virtualAuthenticators: true}
Session ID: 6e1b3f5058ce90010d873056c4931cea
	at org.openqa.selenium.remote.codec.w3c.W3CHttpResponseCodec.createException(W3CHttpResponseCodec.java:200)
	at org.openqa.selenium.remote.codec.w3c.W3CHttpResponseCodec.decode(W3CHttpResponseCodec.java:133)
	at org.openqa.selenium.remote.codec.w3c.W3CHttpResponseCodec.decode(W3CHttpResponseCodec.java:52)
	at org.openqa.selenium.remote.HttpCommandExecutor.execute(HttpCommandExecutor.java:191)
	at org.openqa.selenium.remote.service.DriverCommandExecutor.invokeExecute(DriverCommandExecutor.java:196)
	at org.openqa.selenium.remote.service.DriverCommandExecutor.execute(DriverCommandExecutor.java:171)
	at org.openqa.selenium.remote.RemoteWebDriver.execute(RemoteWebDriver.java:518)
	at org.openqa.selenium.remote.ElementLocation$ElementFinder$2.findElements(ElementLocation.java:182)
	at org.openqa.selenium.remote.ElementLocation.findElements(ElementLocation.java:103)
	at org.openqa.selenium.remote.RemoteWebDriver.findElements(RemoteWebDriver.java:368)
	at org.openqa.selenium.remote.RemoteWebDriver.findElements(RemoteWebDriver.java:362)
	at com.paymentProccess.tc__MinicartViewCartProcess.checkoutprocess(tc__MinicartViewCartProcess.java:72)
	at com.RegUserWith_CreditCard.tc__BySearchingProduct_RegUser_InCC.bySearchingProduct(tc__BySearchingProduct_RegUser_InCC.java:29)
	at java.base/java.util.ArrayList.forEach(ArrayList.java:1511)
... Removed 32 stack frames
</div> <!-- stack-trace -->
                </div> <!-- method-content -->
              </div> <!-- method -->
            </div> <!-- main-panel-content rounded-window-bottom -->
          </div> <!-- suite-ProvidioTestcases-class-failed -->
          <div class="suite-ProvidioTestcases-class-failed">
            <div class="main-panel-header rounded-window-top">
              <img src="failed.png"/>
              <span class="class-name">com.RegUserWith_CreditCard.tc__simpleProductAndGc_InCC</span>
            </div> <!-- main-panel-header rounded-window-top -->
            <div class="main-panel-content rounded-window-bottom">
              <div class="method">
                <div class="method-content">
                  <a name="simpleProduct_Gc">
                  </a> <!-- simpleProduct_Gc -->
                  <span class="method-name">simpleProduct_Gc</span>
                  <div class="stack-trace">org.openqa.selenium.NoSuchWindowException: no such window: target window already closed
from unknown error: web view not found
  (Session info: chrome=118.0.5993.118)
Build info: version: &apos;4.11.0&apos;, revision: &apos;040bc5406b&apos;
System info: os.name: &apos;Windows 10&apos;, os.arch: &apos;amd64&apos;, os.version: &apos;10.0&apos;, java.version: &apos;17.0.2&apos;
Driver info: org.openqa.selenium.chrome.ChromeDriver
Command: [6e1b3f5058ce90010d873056c4931cea, findElements {using=class name, value=premega-nav-block}]
Capabilities {acceptInsecureCerts: false, browserName: chrome, browserVersion: 118.0.5993.118, chrome: {chromedriverVersion: 118.0.5993.70 (e52f33f30b91..., userDataDir: C:\Users\user\AppData\Local...}, fedcm:accounts: true, goog:chromeOptions: {debuggerAddress: localhost:55898}, networkConnectionEnabled: false, pageLoadStrategy: normal, platformName: windows, proxy: Proxy(), se:cdp: ws://localhost:55898/devtoo..., se:cdpVersion: 118.0.5993.118, setWindowRect: true, strictFileInteractability: false, timeouts: {implicit: 0, pageLoad: 300000, script: 30000}, unhandledPromptBehavior: dismiss and notify, webauthn:extension:credBlob: true, webauthn:extension:largeBlob: true, webauthn:extension:minPinLength: true, webauthn:extension:prf: true, webauthn:virtualAuthenticators: true}
Session ID: 6e1b3f5058ce90010d873056c4931cea
	at org.openqa.selenium.remote.codec.w3c.W3CHttpResponseCodec.createException(W3CHttpResponseCodec.java:200)
	at org.openqa.selenium.remote.codec.w3c.W3CHttpResponseCodec.decode(W3CHttpResponseCodec.java:133)
	at org.openqa.selenium.remote.codec.w3c.W3CHttpResponseCodec.decode(W3CHttpResponseCodec.java:52)
	at org.openqa.selenium.remote.HttpCommandExecutor.execute(HttpCommandExecutor.java:191)
	at org.openqa.selenium.remote.service.DriverCommandExecutor.invokeExecute(DriverCommandExecutor.java:196)
	at org.openqa.selenium.remote.service.DriverCommandExecutor.execute(DriverCommandExecutor.java:171)
	at org.openqa.selenium.remote.RemoteWebDriver.execute(RemoteWebDriver.java:518)
	at org.openqa.selenium.remote.ElementLocation$ElementFinder$2.findElements(ElementLocation.java:182)
	at org.openqa.selenium.remote.ElementLocation.findElements(ElementLocation.java:103)
	at org.openqa.selenium.remote.RemoteWebDriver.findElements(RemoteWebDriver.java:368)
	at org.openqa.selenium.remote.RemoteWebDriver.findElements(RemoteWebDriver.java:362)
	at org.openqa.selenium.support.pagefactory.DefaultElementLocator.findElements(DefaultElementLocator.java:83)
	at org.openqa.selenium.support.pagefactory.internal.LocatingElementListHandler.invoke(LocatingElementListHandler.java:36)
	at jdk.proxy2/jdk.proxy2.$Proxy20.size(Unknown Source)
	at com.PageObjects.GiftCertificate.clickOnGiftCard(GiftCertificate.java:99)
	at com.providio.Scenarios.giftCard.giftCards(giftCard.java:13)
	at com.RegUserWith_CreditCard.tc__simpleProductAndGc_InCC.simpleProduct_Gc(tc__simpleProductAndGc_InCC.java:22)
	at java.base/java.util.ArrayList.forEach(ArrayList.java:1511)
... Removed 32 stack frames
</div> <!-- stack-trace -->
                </div> <!-- method-content -->
              </div> <!-- method -->
            </div> <!-- main-panel-content rounded-window-bottom -->
          </div> <!-- suite-ProvidioTestcases-class-failed -->
          <div class="suite-ProvidioTestcases-class-failed">
            <div class="main-panel-header rounded-window-top">
              <img src="failed.png"/>
              <span class="class-name">com.RegUserWith_Checkout_Paypal.tc__SimpleProductAndGc_InCheckout_Paypal_RegUser</span>
            </div> <!-- main-panel-header rounded-window-top -->
            <div class="main-panel-content rounded-window-bottom">
              <div class="method">
                <div class="method-content">
                  <a name="simpleProduct_Gc">
                  </a> <!-- simpleProduct_Gc -->
                  <span class="method-name">simpleProduct_Gc</span>
                  <div class="stack-trace">org.openqa.selenium.NoSuchWindowException: no such window: target window already closed
from unknown error: web view not found
  (Session info: chrome=118.0.5993.118)
Build info: version: &apos;4.11.0&apos;, revision: &apos;040bc5406b&apos;
System info: os.name: &apos;Windows 10&apos;, os.arch: &apos;amd64&apos;, os.version: &apos;10.0&apos;, java.version: &apos;17.0.2&apos;
Driver info: org.openqa.selenium.chrome.ChromeDriver
Command: [6e1b3f5058ce90010d873056c4931cea, get {url=https://storefront:FMG2023@sfccstage.firemountain.org/}]
Capabilities {acceptInsecureCerts: false, browserName: chrome, browserVersion: 118.0.5993.118, chrome: {chromedriverVersion: 118.0.5993.70 (e52f33f30b91..., userDataDir: C:\Users\user\AppData\Local...}, fedcm:accounts: true, goog:chromeOptions: {debuggerAddress: localhost:55898}, networkConnectionEnabled: false, pageLoadStrategy: normal, platformName: windows, proxy: Proxy(), se:cdp: ws://localhost:55898/devtoo..., se:cdpVersion: 118.0.5993.118, setWindowRect: true, strictFileInteractability: false, timeouts: {implicit: 0, pageLoad: 300000, script: 30000}, unhandledPromptBehavior: dismiss and notify, webauthn:extension:credBlob: true, webauthn:extension:largeBlob: true, webauthn:extension:minPinLength: true, webauthn:extension:prf: true, webauthn:virtualAuthenticators: true}
Session ID: 6e1b3f5058ce90010d873056c4931cea
	at org.openqa.selenium.remote.codec.w3c.W3CHttpResponseCodec.createException(W3CHttpResponseCodec.java:200)
	at org.openqa.selenium.remote.codec.w3c.W3CHttpResponseCodec.decode(W3CHttpResponseCodec.java:133)
	at org.openqa.selenium.remote.codec.w3c.W3CHttpResponseCodec.decode(W3CHttpResponseCodec.java:52)
	at org.openqa.selenium.remote.HttpCommandExecutor.execute(HttpCommandExecutor.java:191)
	at org.openqa.selenium.remote.service.DriverCommandExecutor.invokeExecute(DriverCommandExecutor.java:196)
	at org.openqa.selenium.remote.service.DriverCommandExecutor.execute(DriverCommandExecutor.java:171)
	at org.openqa.selenium.remote.RemoteWebDriver.execute(RemoteWebDriver.java:518)
	at org.openqa.selenium.remote.RemoteWebDriver.get(RemoteWebDriver.java:300)
	at com.providio.launchingbrowser.launchBrowsering.chromeBrowser(launchBrowsering.java:15)
	at com.RegUserWith_Checkout_Paypal.tc__SimpleProductAndGc_InCheckout_Paypal_RegUser.simpleProduct_Gc(tc__SimpleProductAndGc_InCheckout_Paypal_RegUser.java:21)
	at java.base/java.util.ArrayList.forEach(ArrayList.java:1511)
... Removed 31 stack frames
</div> <!-- stack-trace -->
                </div> <!-- method-content -->
              </div> <!-- method -->
            </div> <!-- main-panel-content rounded-window-bottom -->
          </div> <!-- suite-ProvidioTestcases-class-failed -->
          <div class="suite-ProvidioTestcases-class-failed">
            <div class="main-panel-header rounded-window-top">
              <img src="failed.png"/>
              <span class="class-name">com.RegUserWith_CreditCard.tc__OnlyGiftCards_RegUser_InCc</span>
            </div> <!-- main-panel-header rounded-window-top -->
            <div class="main-panel-content rounded-window-bottom">
              <div class="method">
                <div class="method-content">
                  <a name="OnlyGiftCards">
                  </a> <!-- OnlyGiftCards -->
                  <span class="method-name">OnlyGiftCards</span>
                  <div class="stack-trace">org.openqa.selenium.NoSuchWindowException: no such window: target window already closed
from unknown error: web view not found
  (Session info: chrome=118.0.5993.118)
Build info: version: &apos;4.11.0&apos;, revision: &apos;040bc5406b&apos;
System info: os.name: &apos;Windows 10&apos;, os.arch: &apos;amd64&apos;, os.version: &apos;10.0&apos;, java.version: &apos;17.0.2&apos;
Driver info: org.openqa.selenium.chrome.ChromeDriver
Command: [6e1b3f5058ce90010d873056c4931cea, get {url=https://storefront:FMG2023@sfccstage.firemountain.org/}]
Capabilities {acceptInsecureCerts: false, browserName: chrome, browserVersion: 118.0.5993.118, chrome: {chromedriverVersion: 118.0.5993.70 (e52f33f30b91..., userDataDir: C:\Users\user\AppData\Local...}, fedcm:accounts: true, goog:chromeOptions: {debuggerAddress: localhost:55898}, networkConnectionEnabled: false, pageLoadStrategy: normal, platformName: windows, proxy: Proxy(), se:cdp: ws://localhost:55898/devtoo..., se:cdpVersion: 118.0.5993.118, setWindowRect: true, strictFileInteractability: false, timeouts: {implicit: 0, pageLoad: 300000, script: 30000}, unhandledPromptBehavior: dismiss and notify, webauthn:extension:credBlob: true, webauthn:extension:largeBlob: true, webauthn:extension:minPinLength: true, webauthn:extension:prf: true, webauthn:virtualAuthenticators: true}
Session ID: 6e1b3f5058ce90010d873056c4931cea
	at org.openqa.selenium.remote.codec.w3c.W3CHttpResponseCodec.createException(W3CHttpResponseCodec.java:200)
	at org.openqa.selenium.remote.codec.w3c.W3CHttpResponseCodec.decode(W3CHttpResponseCodec.java:133)
	at org.openqa.selenium.remote.codec.w3c.W3CHttpResponseCodec.decode(W3CHttpResponseCodec.java:52)
	at org.openqa.selenium.remote.HttpCommandExecutor.execute(HttpCommandExecutor.java:191)
	at org.openqa.selenium.remote.service.DriverCommandExecutor.invokeExecute(DriverCommandExecutor.java:196)
	at org.openqa.selenium.remote.service.DriverCommandExecutor.execute(DriverCommandExecutor.java:171)
	at org.openqa.selenium.remote.RemoteWebDriver.execute(RemoteWebDriver.java:518)
	at org.openqa.selenium.remote.RemoteWebDriver.get(RemoteWebDriver.java:300)
	at com.providio.launchingbrowser.launchBrowsering.chromeBrowser(launchBrowsering.java:15)
	at com.RegUserWith_CreditCard.tc__OnlyGiftCards_RegUser_InCc.OnlyGiftCards(tc__OnlyGiftCards_RegUser_InCc.java:20)
	at java.base/java.util.ArrayList.forEach(ArrayList.java:1511)
... Removed 32 stack frames
</div> <!-- stack-trace -->
                </div> <!-- method-content -->
              </div> <!-- method -->
            </div> <!-- main-panel-content rounded-window-bottom -->
          </div> <!-- suite-ProvidioTestcases-class-failed -->
          <div class="suite-ProvidioTestcases-class-failed">
            <div class="main-panel-header rounded-window-top">
              <img src="failed.png"/>
              <span class="class-name">com.RegUserWith_Checkout_Paypal.tc__RandomProducts_CheckoutPaypal_RegUser</span>
            </div> <!-- main-panel-header rounded-window-top -->
            <div class="main-panel-content rounded-window-bottom">
              <div class="method">
                <div class="method-content">
                  <a name="randomProducts">
                  </a> <!-- randomProducts -->
                  <span class="method-name">randomProducts</span>
                  <div class="stack-trace">org.openqa.selenium.NoSuchWindowException: no such window: target window already closed
from unknown error: web view not found
  (Session info: chrome=118.0.5993.118)
Build info: version: &apos;4.11.0&apos;, revision: &apos;040bc5406b&apos;
System info: os.name: &apos;Windows 10&apos;, os.arch: &apos;amd64&apos;, os.version: &apos;10.0&apos;, java.version: &apos;17.0.2&apos;
Driver info: org.openqa.selenium.chrome.ChromeDriver
Command: [6e1b3f5058ce90010d873056c4931cea, get {url=https://storefront:FMG2023@sfccstage.firemountain.org/}]
Capabilities {acceptInsecureCerts: false, browserName: chrome, browserVersion: 118.0.5993.118, chrome: {chromedriverVersion: 118.0.5993.70 (e52f33f30b91..., userDataDir: C:\Users\user\AppData\Local...}, fedcm:accounts: true, goog:chromeOptions: {debuggerAddress: localhost:55898}, networkConnectionEnabled: false, pageLoadStrategy: normal, platformName: windows, proxy: Proxy(), se:cdp: ws://localhost:55898/devtoo..., se:cdpVersion: 118.0.5993.118, setWindowRect: true, strictFileInteractability: false, timeouts: {implicit: 0, pageLoad: 300000, script: 30000}, unhandledPromptBehavior: dismiss and notify, webauthn:extension:credBlob: true, webauthn:extension:largeBlob: true, webauthn:extension:minPinLength: true, webauthn:extension:prf: true, webauthn:virtualAuthenticators: true}
Session ID: 6e1b3f5058ce90010d873056c4931cea
	at org.openqa.selenium.remote.codec.w3c.W3CHttpResponseCodec.createException(W3CHttpResponseCodec.java:200)
	at org.openqa.selenium.remote.codec.w3c.W3CHttpResponseCodec.decode(W3CHttpResponseCodec.java:133)
	at org.openqa.selenium.remote.codec.w3c.W3CHttpResponseCodec.decode(W3CHttpResponseCodec.java:52)
	at org.openqa.selenium.remote.HttpCommandExecutor.execute(HttpCommandExecutor.java:191)
	at org.openqa.selenium.remote.service.DriverCommandExecutor.invokeExecute(DriverCommandExecutor.java:196)
	at org.openqa.selenium.remote.service.DriverCommandExecutor.execute(DriverCommandExecutor.java:171)
	at org.openqa.selenium.remote.RemoteWebDriver.execute(RemoteWebDriver.java:518)
	at org.openqa.selenium.remote.RemoteWebDriver.get(RemoteWebDriver.java:300)
	at com.providio.launchingbrowser.launchBrowsering.chromeBrowser(launchBrowsering.java:15)
	at com.RegUserWith_Checkout_Paypal.tc__RandomProducts_CheckoutPaypal_RegUser.randomProducts(tc__RandomProducts_CheckoutPaypal_RegUser.java:21)
	at java.base/java.util.ArrayList.forEach(ArrayList.java:1511)
... Removed 31 stack frames
</div> <!-- stack-trace -->
                </div> <!-- method-content -->
              </div> <!-- method -->
            </div> <!-- main-panel-content rounded-window-bottom -->
          </div> <!-- suite-ProvidioTestcases-class-failed -->
          <div class="suite-ProvidioTestcases-class-failed">
            <div class="main-panel-header rounded-window-top">
              <img src="failed.png"/>
              <span class="class-name">com.RegUserWith_ViewCart_Paypal.tc__simpleProductAndGc_Reg_InVC_Paypal</span>
            </div> <!-- main-panel-header rounded-window-top -->
            <div class="main-panel-content rounded-window-bottom">
              <div class="method">
                <div class="method-content">
                  <a name="simpleProduct_Gc">
                  </a> <!-- simpleProduct_Gc -->
                  <span class="method-name">simpleProduct_Gc</span>
                  <div class="stack-trace">org.openqa.selenium.NoSuchWindowException: no such window: target window already closed
from unknown error: web view not found
  (Session info: chrome=118.0.5993.118)
Build info: version: &apos;4.11.0&apos;, revision: &apos;040bc5406b&apos;
System info: os.name: &apos;Windows 10&apos;, os.arch: &apos;amd64&apos;, os.version: &apos;10.0&apos;, java.version: &apos;17.0.2&apos;
Driver info: org.openqa.selenium.chrome.ChromeDriver
Command: [6e1b3f5058ce90010d873056c4931cea, findElements {using=class name, value=premega-nav-block}]
Capabilities {acceptInsecureCerts: false, browserName: chrome, browserVersion: 118.0.5993.118, chrome: {chromedriverVersion: 118.0.5993.70 (e52f33f30b91..., userDataDir: C:\Users\user\AppData\Local...}, fedcm:accounts: true, goog:chromeOptions: {debuggerAddress: localhost:55898}, networkConnectionEnabled: false, pageLoadStrategy: normal, platformName: windows, proxy: Proxy(), se:cdp: ws://localhost:55898/devtoo..., se:cdpVersion: 118.0.5993.118, setWindowRect: true, strictFileInteractability: false, timeouts: {implicit: 0, pageLoad: 300000, script: 30000}, unhandledPromptBehavior: dismiss and notify, webauthn:extension:credBlob: true, webauthn:extension:largeBlob: true, webauthn:extension:minPinLength: true, webauthn:extension:prf: true, webauthn:virtualAuthenticators: true}
Session ID: 6e1b3f5058ce90010d873056c4931cea
	at org.openqa.selenium.remote.codec.w3c.W3CHttpResponseCodec.createException(W3CHttpResponseCodec.java:200)
	at org.openqa.selenium.remote.codec.w3c.W3CHttpResponseCodec.decode(W3CHttpResponseCodec.java:133)
	at org.openqa.selenium.remote.codec.w3c.W3CHttpResponseCodec.decode(W3CHttpResponseCodec.java:52)
	at org.openqa.selenium.remote.HttpCommandExecutor.execute(HttpCommandExecutor.java:191)
	at org.openqa.selenium.remote.service.DriverCommandExecutor.invokeExecute(DriverCommandExecutor.java:196)
	at org.openqa.selenium.remote.service.DriverCommandExecutor.execute(DriverCommandExecutor.java:171)
	at org.openqa.selenium.remote.RemoteWebDriver.execute(RemoteWebDriver.java:518)
	at org.openqa.selenium.remote.ElementLocation$ElementFinder$2.findElements(ElementLocation.java:182)
	at org.openqa.selenium.remote.ElementLocation.findElements(ElementLocation.java:103)
	at org.openqa.selenium.remote.RemoteWebDriver.findElements(RemoteWebDriver.java:368)
	at org.openqa.selenium.remote.RemoteWebDriver.findElements(RemoteWebDriver.java:362)
	at org.openqa.selenium.support.pagefactory.DefaultElementLocator.findElements(DefaultElementLocator.java:83)
	at org.openqa.selenium.support.pagefactory.internal.LocatingElementListHandler.invoke(LocatingElementListHandler.java:36)
	at jdk.proxy2/jdk.proxy2.$Proxy20.size(Unknown Source)
	at com.PageObjects.GiftCertificate.clickOnGiftCard(GiftCertificate.java:99)
	at com.providio.Scenarios.giftCard.giftCards(giftCard.java:13)
	at com.RegUserWith_ViewCart_Paypal.tc__simpleProductAndGc_Reg_InVC_Paypal.simpleProduct_Gc(tc__simpleProductAndGc_Reg_InVC_Paypal.java:21)
	at java.base/java.util.ArrayList.forEach(ArrayList.java:1511)
... Removed 31 stack frames
</div> <!-- stack-trace -->
                </div> <!-- method-content -->
              </div> <!-- method -->
            </div> <!-- main-panel-content rounded-window-bottom -->
          </div> <!-- suite-ProvidioTestcases-class-failed -->
          <div class="suite-ProvidioTestcases-class-failed">
            <div class="main-panel-header rounded-window-top">
              <img src="failed.png"/>
              <span class="class-name">com.RegUserWith_Checkout_Paypal.tc__OnlyGiftCards_Checkout_Paypal_RegUser</span>
            </div> <!-- main-panel-header rounded-window-top -->
            <div class="main-panel-content rounded-window-bottom">
              <div class="method">
                <div class="method-content">
                  <a name="OnlyGiftCards">
                  </a> <!-- OnlyGiftCards -->
                  <span class="method-name">OnlyGiftCards</span>
                  <div class="stack-trace">org.openqa.selenium.NoSuchWindowException: no such window: target window already closed
from unknown error: web view not found
  (Session info: chrome=118.0.5993.118)
Build info: version: &apos;4.11.0&apos;, revision: &apos;040bc5406b&apos;
System info: os.name: &apos;Windows 10&apos;, os.arch: &apos;amd64&apos;, os.version: &apos;10.0&apos;, java.version: &apos;17.0.2&apos;
Driver info: org.openqa.selenium.chrome.ChromeDriver
Command: [6e1b3f5058ce90010d873056c4931cea, findElements {using=class name, value=premega-nav-block}]
Capabilities {acceptInsecureCerts: false, browserName: chrome, browserVersion: 118.0.5993.118, chrome: {chromedriverVersion: 118.0.5993.70 (e52f33f30b91..., userDataDir: C:\Users\user\AppData\Local...}, fedcm:accounts: true, goog:chromeOptions: {debuggerAddress: localhost:55898}, networkConnectionEnabled: false, pageLoadStrategy: normal, platformName: windows, proxy: Proxy(), se:cdp: ws://localhost:55898/devtoo..., se:cdpVersion: 118.0.5993.118, setWindowRect: true, strictFileInteractability: false, timeouts: {implicit: 0, pageLoad: 300000, script: 30000}, unhandledPromptBehavior: dismiss and notify, webauthn:extension:credBlob: true, webauthn:extension:largeBlob: true, webauthn:extension:minPinLength: true, webauthn:extension:prf: true, webauthn:virtualAuthenticators: true}
Session ID: 6e1b3f5058ce90010d873056c4931cea
	at org.openqa.selenium.remote.codec.w3c.W3CHttpResponseCodec.createException(W3CHttpResponseCodec.java:200)
	at org.openqa.selenium.remote.codec.w3c.W3CHttpResponseCodec.decode(W3CHttpResponseCodec.java:133)
	at org.openqa.selenium.remote.codec.w3c.W3CHttpResponseCodec.decode(W3CHttpResponseCodec.java:52)
	at org.openqa.selenium.remote.HttpCommandExecutor.execute(HttpCommandExecutor.java:191)
	at org.openqa.selenium.remote.service.DriverCommandExecutor.invokeExecute(DriverCommandExecutor.java:196)
	at org.openqa.selenium.remote.service.DriverCommandExecutor.execute(DriverCommandExecutor.java:171)
	at org.openqa.selenium.remote.RemoteWebDriver.execute(RemoteWebDriver.java:518)
	at org.openqa.selenium.remote.ElementLocation$ElementFinder$2.findElements(ElementLocation.java:182)
	at org.openqa.selenium.remote.ElementLocation.findElements(ElementLocation.java:103)
	at org.openqa.selenium.remote.RemoteWebDriver.findElements(RemoteWebDriver.java:368)
	at org.openqa.selenium.remote.RemoteWebDriver.findElements(RemoteWebDriver.java:362)
	at org.openqa.selenium.support.pagefactory.DefaultElementLocator.findElements(DefaultElementLocator.java:83)
	at org.openqa.selenium.support.pagefactory.internal.LocatingElementListHandler.invoke(LocatingElementListHandler.java:36)
	at jdk.proxy2/jdk.proxy2.$Proxy20.size(Unknown Source)
	at com.PageObjects.GiftCertificate.clickOnGiftCard(GiftCertificate.java:99)
	at com.providio.Scenarios.giftCard.giftCards(giftCard.java:13)
	at com.RegUserWith_Checkout_Paypal.tc__OnlyGiftCards_Checkout_Paypal_RegUser.OnlyGiftCards(tc__OnlyGiftCards_Checkout_Paypal_RegUser.java:19)
	at java.base/java.util.ArrayList.forEach(ArrayList.java:1511)
... Removed 31 stack frames
</div> <!-- stack-trace -->
                </div> <!-- method-content -->
              </div> <!-- method -->
            </div> <!-- main-panel-content rounded-window-bottom -->
          </div> <!-- suite-ProvidioTestcases-class-failed -->
          <div class="suite-ProvidioTestcases-class-failed">
            <div class="main-panel-header rounded-window-top">
              <img src="failed.png"/>
              <span class="class-name">com.RegUserWith_GcAndCC.tc__BySearchingProduct_RegUser_InGcAndCc</span>
            </div> <!-- main-panel-header rounded-window-top -->
            <div class="main-panel-content rounded-window-bottom">
              <div class="method">
                <div class="method-content">
                  <a name="bySearchingProduct">
                  </a> <!-- bySearchingProduct -->
                  <span class="method-name">bySearchingProduct</span>
                  <div class="stack-trace">org.openqa.selenium.NoSuchWindowException: no such window: target window already closed
from unknown error: web view not found
  (Session info: chrome=118.0.5993.118)
Build info: version: &apos;4.11.0&apos;, revision: &apos;040bc5406b&apos;
System info: os.name: &apos;Windows 10&apos;, os.arch: &apos;amd64&apos;, os.version: &apos;10.0&apos;, java.version: &apos;17.0.2&apos;
Driver info: org.openqa.selenium.chrome.ChromeDriver
Command: [6e1b3f5058ce90010d873056c4931cea, findElements {using=xpath, value=//a[contains(@class,&apos;nav-link dropdown&apos;)]}]
Capabilities {acceptInsecureCerts: false, browserName: chrome, browserVersion: 118.0.5993.118, chrome: {chromedriverVersion: 118.0.5993.70 (e52f33f30b91..., userDataDir: C:\Users\user\AppData\Local...}, fedcm:accounts: true, goog:chromeOptions: {debuggerAddress: localhost:55898}, networkConnectionEnabled: false, pageLoadStrategy: normal, platformName: windows, proxy: Proxy(), se:cdp: ws://localhost:55898/devtoo..., se:cdpVersion: 118.0.5993.118, setWindowRect: true, strictFileInteractability: false, timeouts: {implicit: 0, pageLoad: 300000, script: 30000}, unhandledPromptBehavior: dismiss and notify, webauthn:extension:credBlob: true, webauthn:extension:largeBlob: true, webauthn:extension:minPinLength: true, webauthn:extension:prf: true, webauthn:virtualAuthenticators: true}
Session ID: 6e1b3f5058ce90010d873056c4931cea
	at org.openqa.selenium.remote.codec.w3c.W3CHttpResponseCodec.createException(W3CHttpResponseCodec.java:200)
	at org.openqa.selenium.remote.codec.w3c.W3CHttpResponseCodec.decode(W3CHttpResponseCodec.java:133)
	at org.openqa.selenium.remote.codec.w3c.W3CHttpResponseCodec.decode(W3CHttpResponseCodec.java:52)
	at org.openqa.selenium.remote.HttpCommandExecutor.execute(HttpCommandExecutor.java:191)
	at org.openqa.selenium.remote.service.DriverCommandExecutor.invokeExecute(DriverCommandExecutor.java:196)
	at org.openqa.selenium.remote.service.DriverCommandExecutor.execute(DriverCommandExecutor.java:171)
	at org.openqa.selenium.remote.RemoteWebDriver.execute(RemoteWebDriver.java:518)
	at org.openqa.selenium.remote.ElementLocation$ElementFinder$2.findElements(ElementLocation.java:182)
	at org.openqa.selenium.remote.ElementLocation.findElements(ElementLocation.java:103)
	at org.openqa.selenium.remote.RemoteWebDriver.findElements(RemoteWebDriver.java:368)
	at org.openqa.selenium.remote.RemoteWebDriver.findElements(RemoteWebDriver.java:362)
	at com.Scenarios.MenuSelection.randommenu(MenuSelection.java:38)
	at com.Scenarios.MenuSelection.menues(MenuSelection.java:20)
	at com.commonfunctionality.SelectionFromNavToPdp.selectingFromPdp(SelectionFromNavToPdp.java:15)
	at com.RegUserWith_GcAndCC.tc__BySearchingProduct_RegUser_InGcAndCc.bySearchingProduct(tc__BySearchingProduct_RegUser_InGcAndCc.java:23)
	at java.base/java.util.ArrayList.forEach(ArrayList.java:1511)
... Removed 32 stack frames
</div> <!-- stack-trace -->
                </div> <!-- method-content -->
              </div> <!-- method -->
            </div> <!-- main-panel-content rounded-window-bottom -->
          </div> <!-- suite-ProvidioTestcases-class-failed -->
          <div class="suite-ProvidioTestcases-class-failed">
            <div class="main-panel-header rounded-window-top">
              <img src="failed.png"/>
              <span class="class-name">com.RegUserWith_GcAndCC.tc__OnlyGiftCards_Reg_InGcAndCC</span>
            </div> <!-- main-panel-header rounded-window-top -->
            <div class="main-panel-content rounded-window-bottom">
              <div class="method">
                <div class="method-content">
                  <a name="OnlyGiftCards">
                  </a> <!-- OnlyGiftCards -->
                  <span class="method-name">OnlyGiftCards</span>
                  <div class="stack-trace">org.openqa.selenium.NoSuchWindowException: no such window: target window already closed
from unknown error: web view not found
  (Session info: chrome=118.0.5993.118)
Build info: version: &apos;4.11.0&apos;, revision: &apos;040bc5406b&apos;
System info: os.name: &apos;Windows 10&apos;, os.arch: &apos;amd64&apos;, os.version: &apos;10.0&apos;, java.version: &apos;17.0.2&apos;
Driver info: org.openqa.selenium.chrome.ChromeDriver
Command: [6e1b3f5058ce90010d873056c4931cea, findElements {using=class name, value=premega-nav-block}]
Capabilities {acceptInsecureCerts: false, browserName: chrome, browserVersion: 118.0.5993.118, chrome: {chromedriverVersion: 118.0.5993.70 (e52f33f30b91..., userDataDir: C:\Users\user\AppData\Local...}, fedcm:accounts: true, goog:chromeOptions: {debuggerAddress: localhost:55898}, networkConnectionEnabled: false, pageLoadStrategy: normal, platformName: windows, proxy: Proxy(), se:cdp: ws://localhost:55898/devtoo..., se:cdpVersion: 118.0.5993.118, setWindowRect: true, strictFileInteractability: false, timeouts: {implicit: 0, pageLoad: 300000, script: 30000}, unhandledPromptBehavior: dismiss and notify, webauthn:extension:credBlob: true, webauthn:extension:largeBlob: true, webauthn:extension:minPinLength: true, webauthn:extension:prf: true, webauthn:virtualAuthenticators: true}
Session ID: 6e1b3f5058ce90010d873056c4931cea
	at org.openqa.selenium.remote.codec.w3c.W3CHttpResponseCodec.createException(W3CHttpResponseCodec.java:200)
	at org.openqa.selenium.remote.codec.w3c.W3CHttpResponseCodec.decode(W3CHttpResponseCodec.java:133)
	at org.openqa.selenium.remote.codec.w3c.W3CHttpResponseCodec.decode(W3CHttpResponseCodec.java:52)
	at org.openqa.selenium.remote.HttpCommandExecutor.execute(HttpCommandExecutor.java:191)
	at org.openqa.selenium.remote.service.DriverCommandExecutor.invokeExecute(DriverCommandExecutor.java:196)
	at org.openqa.selenium.remote.service.DriverCommandExecutor.execute(DriverCommandExecutor.java:171)
	at org.openqa.selenium.remote.RemoteWebDriver.execute(RemoteWebDriver.java:518)
	at org.openqa.selenium.remote.ElementLocation$ElementFinder$2.findElements(ElementLocation.java:182)
	at org.openqa.selenium.remote.ElementLocation.findElements(ElementLocation.java:103)
	at org.openqa.selenium.remote.RemoteWebDriver.findElements(RemoteWebDriver.java:368)
	at org.openqa.selenium.remote.RemoteWebDriver.findElements(RemoteWebDriver.java:362)
	at org.openqa.selenium.support.pagefactory.DefaultElementLocator.findElements(DefaultElementLocator.java:83)
	at org.openqa.selenium.support.pagefactory.internal.LocatingElementListHandler.invoke(LocatingElementListHandler.java:36)
	at jdk.proxy2/jdk.proxy2.$Proxy20.size(Unknown Source)
	at com.PageObjects.GiftCertificate.clickOnGiftCard(GiftCertificate.java:99)
	at com.providio.Scenarios.giftCard.giftCards(giftCard.java:13)
	at com.RegUserWith_GcAndCC.tc__OnlyGiftCards_Reg_InGcAndCC.OnlyGiftCards(tc__OnlyGiftCards_Reg_InGcAndCC.java:19)
	at java.base/java.util.ArrayList.forEach(ArrayList.java:1511)
... Removed 32 stack frames
</div> <!-- stack-trace -->
                </div> <!-- method-content -->
              </div> <!-- method -->
            </div> <!-- main-panel-content rounded-window-bottom -->
          </div> <!-- suite-ProvidioTestcases-class-failed -->
          <div class="suite-ProvidioTestcases-class-failed">
            <div class="main-panel-header rounded-window-top">
              <img src="failed.png"/>
              <span class="class-name">com.RegUserWith_GcAndCC.tc__simpleProductAndGc_InCCAndCc_InRegUser</span>
            </div> <!-- main-panel-header rounded-window-top -->
            <div class="main-panel-content rounded-window-bottom">
              <div class="method">
                <div class="method-content">
                  <a name="simpleProduct_Gc">
                  </a> <!-- simpleProduct_Gc -->
                  <span class="method-name">simpleProduct_Gc</span>
                  <div class="stack-trace">org.openqa.selenium.NoSuchWindowException: no such window: target window already closed
from unknown error: web view not found
  (Session info: chrome=118.0.5993.118)
Build info: version: &apos;4.11.0&apos;, revision: &apos;040bc5406b&apos;
System info: os.name: &apos;Windows 10&apos;, os.arch: &apos;amd64&apos;, os.version: &apos;10.0&apos;, java.version: &apos;17.0.2&apos;
Driver info: org.openqa.selenium.chrome.ChromeDriver
Command: [6e1b3f5058ce90010d873056c4931cea, get {url=https://storefront:FMG2023@sfccstage.firemountain.org/}]
Capabilities {acceptInsecureCerts: false, browserName: chrome, browserVersion: 118.0.5993.118, chrome: {chromedriverVersion: 118.0.5993.70 (e52f33f30b91..., userDataDir: C:\Users\user\AppData\Local...}, fedcm:accounts: true, goog:chromeOptions: {debuggerAddress: localhost:55898}, networkConnectionEnabled: false, pageLoadStrategy: normal, platformName: windows, proxy: Proxy(), se:cdp: ws://localhost:55898/devtoo..., se:cdpVersion: 118.0.5993.118, setWindowRect: true, strictFileInteractability: false, timeouts: {implicit: 0, pageLoad: 300000, script: 30000}, unhandledPromptBehavior: dismiss and notify, webauthn:extension:credBlob: true, webauthn:extension:largeBlob: true, webauthn:extension:minPinLength: true, webauthn:extension:prf: true, webauthn:virtualAuthenticators: true}
Session ID: 6e1b3f5058ce90010d873056c4931cea
	at org.openqa.selenium.remote.codec.w3c.W3CHttpResponseCodec.createException(W3CHttpResponseCodec.java:200)
	at org.openqa.selenium.remote.codec.w3c.W3CHttpResponseCodec.decode(W3CHttpResponseCodec.java:133)
	at org.openqa.selenium.remote.codec.w3c.W3CHttpResponseCodec.decode(W3CHttpResponseCodec.java:52)
	at org.openqa.selenium.remote.HttpCommandExecutor.execute(HttpCommandExecutor.java:191)
	at org.openqa.selenium.remote.service.DriverCommandExecutor.invokeExecute(DriverCommandExecutor.java:196)
	at org.openqa.selenium.remote.service.DriverCommandExecutor.execute(DriverCommandExecutor.java:171)
	at org.openqa.selenium.remote.RemoteWebDriver.execute(RemoteWebDriver.java:518)
	at org.openqa.selenium.remote.RemoteWebDriver.get(RemoteWebDriver.java:300)
	at com.providio.launchingbrowser.launchBrowsering.chromeBrowser(launchBrowsering.java:15)
	at com.RegUserWith_GcAndCC.tc__simpleProductAndGc_InCCAndCc_InRegUser.simpleProduct_Gc(tc__simpleProductAndGc_InCCAndCc_InRegUser.java:22)
	at java.base/java.util.ArrayList.forEach(ArrayList.java:1511)
... Removed 32 stack frames
</div> <!-- stack-trace -->
                </div> <!-- method-content -->
              </div> <!-- method -->
            </div> <!-- main-panel-content rounded-window-bottom -->
          </div> <!-- suite-ProvidioTestcases-class-failed -->
          <div class="suite-ProvidioTestcases-class-failed">
            <div class="main-panel-header rounded-window-top">
              <img src="failed.png"/>
              <span class="class-name">com.RegUserWith_GcAndPaypal.tc__simpleProductAndGc_InGcAndPaypal</span>
            </div> <!-- main-panel-header rounded-window-top -->
            <div class="main-panel-content rounded-window-bottom">
              <div class="method">
                <div class="method-content">
                  <a name="simpleProduct_Gc">
                  </a> <!-- simpleProduct_Gc -->
                  <span class="method-name">simpleProduct_Gc</span>
                  <div class="stack-trace">org.openqa.selenium.NoSuchWindowException: no such window: target window already closed
from unknown error: web view not found
  (Session info: chrome=118.0.5993.118)
Build info: version: &apos;4.11.0&apos;, revision: &apos;040bc5406b&apos;
System info: os.name: &apos;Windows 10&apos;, os.arch: &apos;amd64&apos;, os.version: &apos;10.0&apos;, java.version: &apos;17.0.2&apos;
Driver info: org.openqa.selenium.chrome.ChromeDriver
Command: [6e1b3f5058ce90010d873056c4931cea, get {url=https://storefront:FMG2023@sfccstage.firemountain.org/}]
Capabilities {acceptInsecureCerts: false, browserName: chrome, browserVersion: 118.0.5993.118, chrome: {chromedriverVersion: 118.0.5993.70 (e52f33f30b91..., userDataDir: C:\Users\user\AppData\Local...}, fedcm:accounts: true, goog:chromeOptions: {debuggerAddress: localhost:55898}, networkConnectionEnabled: false, pageLoadStrategy: normal, platformName: windows, proxy: Proxy(), se:cdp: ws://localhost:55898/devtoo..., se:cdpVersion: 118.0.5993.118, setWindowRect: true, strictFileInteractability: false, timeouts: {implicit: 0, pageLoad: 300000, script: 30000}, unhandledPromptBehavior: dismiss and notify, webauthn:extension:credBlob: true, webauthn:extension:largeBlob: true, webauthn:extension:minPinLength: true, webauthn:extension:prf: true, webauthn:virtualAuthenticators: true}
Session ID: 6e1b3f5058ce90010d873056c4931cea
	at org.openqa.selenium.remote.codec.w3c.W3CHttpResponseCodec.createException(W3CHttpResponseCodec.java:200)
	at org.openqa.selenium.remote.codec.w3c.W3CHttpResponseCodec.decode(W3CHttpResponseCodec.java:133)
	at org.openqa.selenium.remote.codec.w3c.W3CHttpResponseCodec.decode(W3CHttpResponseCodec.java:52)
	at org.openqa.selenium.remote.HttpCommandExecutor.execute(HttpCommandExecutor.java:191)
	at org.openqa.selenium.remote.service.DriverCommandExecutor.invokeExecute(DriverCommandExecutor.java:196)
	at org.openqa.selenium.remote.service.DriverCommandExecutor.execute(DriverCommandExecutor.java:171)
	at org.openqa.selenium.remote.RemoteWebDriver.execute(RemoteWebDriver.java:518)
	at org.openqa.selenium.remote.RemoteWebDriver.get(RemoteWebDriver.java:300)
	at com.providio.launchingbrowser.launchBrowsering.chromeBrowser(launchBrowsering.java:15)
	at com.RegUserWith_GcAndPaypal.tc__simpleProductAndGc_InGcAndPaypal.simpleProduct_Gc(tc__simpleProductAndGc_InGcAndPaypal.java:21)
	at java.base/java.util.ArrayList.forEach(ArrayList.java:1511)
... Removed 31 stack frames
</div> <!-- stack-trace -->
                </div> <!-- method-content -->
              </div> <!-- method -->
            </div> <!-- main-panel-content rounded-window-bottom -->
          </div> <!-- suite-ProvidioTestcases-class-failed -->
          <div class="suite-ProvidioTestcases-class-failed">
            <div class="main-panel-header rounded-window-top">
              <img src="failed.png"/>
              <span class="class-name">com.RegUserWith_ViewCart_Paypal.tc__OnlyGiftCards_GuestUser_VC_Paypal</span>
            </div> <!-- main-panel-header rounded-window-top -->
            <div class="main-panel-content rounded-window-bottom">
              <div class="method">
                <div class="method-content">
                  <a name="OnlyGiftCards">
                  </a> <!-- OnlyGiftCards -->
                  <span class="method-name">OnlyGiftCards</span>
                  <div class="stack-trace">org.openqa.selenium.NoSuchWindowException: no such window: target window already closed
from unknown error: web view not found
  (Session info: chrome=118.0.5993.118)
Build info: version: &apos;4.11.0&apos;, revision: &apos;040bc5406b&apos;
System info: os.name: &apos;Windows 10&apos;, os.arch: &apos;amd64&apos;, os.version: &apos;10.0&apos;, java.version: &apos;17.0.2&apos;
Driver info: org.openqa.selenium.chrome.ChromeDriver
Command: [6e1b3f5058ce90010d873056c4931cea, findElements {using=class name, value=premega-nav-block}]
Capabilities {acceptInsecureCerts: false, browserName: chrome, browserVersion: 118.0.5993.118, chrome: {chromedriverVersion: 118.0.5993.70 (e52f33f30b91..., userDataDir: C:\Users\user\AppData\Local...}, fedcm:accounts: true, goog:chromeOptions: {debuggerAddress: localhost:55898}, networkConnectionEnabled: false, pageLoadStrategy: normal, platformName: windows, proxy: Proxy(), se:cdp: ws://localhost:55898/devtoo..., se:cdpVersion: 118.0.5993.118, setWindowRect: true, strictFileInteractability: false, timeouts: {implicit: 0, pageLoad: 300000, script: 30000}, unhandledPromptBehavior: dismiss and notify, webauthn:extension:credBlob: true, webauthn:extension:largeBlob: true, webauthn:extension:minPinLength: true, webauthn:extension:prf: true, webauthn:virtualAuthenticators: true}
Session ID: 6e1b3f5058ce90010d873056c4931cea
	at org.openqa.selenium.remote.codec.w3c.W3CHttpResponseCodec.createException(W3CHttpResponseCodec.java:200)
	at org.openqa.selenium.remote.codec.w3c.W3CHttpResponseCodec.decode(W3CHttpResponseCodec.java:133)
	at org.openqa.selenium.remote.codec.w3c.W3CHttpResponseCodec.decode(W3CHttpResponseCodec.java:52)
	at org.openqa.selenium.remote.HttpCommandExecutor.execute(HttpCommandExecutor.java:191)
	at org.openqa.selenium.remote.service.DriverCommandExecutor.invokeExecute(DriverCommandExecutor.java:196)
	at org.openqa.selenium.remote.service.DriverCommandExecutor.execute(DriverCommandExecutor.java:171)
	at org.openqa.selenium.remote.RemoteWebDriver.execute(RemoteWebDriver.java:518)
	at org.openqa.selenium.remote.ElementLocation$ElementFinder$2.findElements(ElementLocation.java:182)
	at org.openqa.selenium.remote.ElementLocation.findElements(ElementLocation.java:103)
	at org.openqa.selenium.remote.RemoteWebDriver.findElements(RemoteWebDriver.java:368)
	at org.openqa.selenium.remote.RemoteWebDriver.findElements(RemoteWebDriver.java:362)
	at org.openqa.selenium.support.pagefactory.DefaultElementLocator.findElements(DefaultElementLocator.java:83)
	at org.openqa.selenium.support.pagefactory.internal.LocatingElementListHandler.invoke(LocatingElementListHandler.java:36)
	at jdk.proxy2/jdk.proxy2.$Proxy20.size(Unknown Source)
	at com.PageObjects.GiftCertificate.clickOnGiftCard(GiftCertificate.java:99)
	at com.providio.Scenarios.giftCard.giftCards(giftCard.java:13)
	at com.RegUserWith_ViewCart_Paypal.tc__OnlyGiftCards_GuestUser_VC_Paypal.OnlyGiftCards(tc__OnlyGiftCards_GuestUser_VC_Paypal.java:23)
	at java.base/java.util.ArrayList.forEach(ArrayList.java:1511)
... Removed 31 stack frames
</div> <!-- stack-trace -->
                </div> <!-- method-content -->
              </div> <!-- method -->
            </div> <!-- main-panel-content rounded-window-bottom -->
          </div> <!-- suite-ProvidioTestcases-class-failed -->
          <div class="suite-ProvidioTestcases-class-failed">
            <div class="main-panel-header rounded-window-top">
              <img src="failed.png"/>
              <span class="class-name">com.RegUserWith_Checkout_Paypal.tc__BySearchingProduct_RegUser_InCheckoutPaypal</span>
            </div> <!-- main-panel-header rounded-window-top -->
            <div class="main-panel-content rounded-window-bottom">
              <div class="method">
                <div class="method-content">
                  <a name="bySearchingProduct">
                  </a> <!-- bySearchingProduct -->
                  <span class="method-name">bySearchingProduct</span>
                  <div class="stack-trace">org.openqa.selenium.NoSuchWindowException: no such window: target window already closed
from unknown error: web view not found
  (Session info: chrome=118.0.5993.118)
Build info: version: &apos;4.11.0&apos;, revision: &apos;040bc5406b&apos;
System info: os.name: &apos;Windows 10&apos;, os.arch: &apos;amd64&apos;, os.version: &apos;10.0&apos;, java.version: &apos;17.0.2&apos;
Driver info: org.openqa.selenium.chrome.ChromeDriver
Command: [6e1b3f5058ce90010d873056c4931cea, findElement {using=xpath, value=//input[@name=&apos;q&apos;]}]
Capabilities {acceptInsecureCerts: false, browserName: chrome, browserVersion: 118.0.5993.118, chrome: {chromedriverVersion: 118.0.5993.70 (e52f33f30b91..., userDataDir: C:\Users\user\AppData\Local...}, fedcm:accounts: true, goog:chromeOptions: {debuggerAddress: localhost:55898}, networkConnectionEnabled: false, pageLoadStrategy: normal, platformName: windows, proxy: Proxy(), se:cdp: ws://localhost:55898/devtoo..., se:cdpVersion: 118.0.5993.118, setWindowRect: true, strictFileInteractability: false, timeouts: {implicit: 0, pageLoad: 300000, script: 30000}, unhandledPromptBehavior: dismiss and notify, webauthn:extension:credBlob: true, webauthn:extension:largeBlob: true, webauthn:extension:minPinLength: true, webauthn:extension:prf: true, webauthn:virtualAuthenticators: true}
Session ID: 6e1b3f5058ce90010d873056c4931cea
	at org.openqa.selenium.remote.codec.w3c.W3CHttpResponseCodec.createException(W3CHttpResponseCodec.java:200)
	at org.openqa.selenium.remote.codec.w3c.W3CHttpResponseCodec.decode(W3CHttpResponseCodec.java:133)
	at org.openqa.selenium.remote.codec.w3c.W3CHttpResponseCodec.decode(W3CHttpResponseCodec.java:52)
	at org.openqa.selenium.remote.HttpCommandExecutor.execute(HttpCommandExecutor.java:191)
	at org.openqa.selenium.remote.service.DriverCommandExecutor.invokeExecute(DriverCommandExecutor.java:196)
	at org.openqa.selenium.remote.service.DriverCommandExecutor.execute(DriverCommandExecutor.java:171)
	at org.openqa.selenium.remote.RemoteWebDriver.execute(RemoteWebDriver.java:518)
	at org.openqa.selenium.remote.ElementLocation$ElementFinder$2.findElement(ElementLocation.java:165)
	at org.openqa.selenium.remote.ElementLocation.findElement(ElementLocation.java:59)
	at org.openqa.selenium.remote.RemoteWebDriver.findElement(RemoteWebDriver.java:355)
	at org.openqa.selenium.remote.RemoteWebDriver.findElement(RemoteWebDriver.java:349)
	at org.openqa.selenium.support.pagefactory.DefaultElementLocator.findElement(DefaultElementLocator.java:68)
	at org.openqa.selenium.support.pagefactory.internal.LocatingElementHandler.invoke(LocatingElementHandler.java:38)
	at jdk.proxy2/jdk.proxy2.$Proxy19.sendKeys(Unknown Source)
	at com.PageObjects.homePage.clickOnSearchBar(homePage.java:51)
	at com.providio.Scenarios.SearchingProduct.searchingProduct(SearchingProduct.java:20)
	at com.RegUserWith_Checkout_Paypal.tc__BySearchingProduct_RegUser_InCheckoutPaypal.bySearchingProduct(tc__BySearchingProduct_RegUser_InCheckoutPaypal.java:25)
	at java.base/java.util.ArrayList.forEach(ArrayList.java:1511)
... Removed 31 stack frames
</div> <!-- stack-trace -->
                </div> <!-- method-content -->
              </div> <!-- method -->
            </div> <!-- main-panel-content rounded-window-bottom -->
          </div> <!-- suite-ProvidioTestcases-class-failed -->
          <div class="suite-ProvidioTestcases-class-failed">
            <div class="main-panel-header rounded-window-top">
              <img src="failed.png"/>
              <span class="class-name">com.providio.logout.tc__LogOut</span>
            </div> <!-- main-panel-header rounded-window-top -->
            <div class="main-panel-content rounded-window-bottom">
              <div class="method">
                <div class="method-content">
                  <a name="Logout">
                  </a> <!-- Logout -->
                  <span class="method-name">Logout</span>
                  <div class="stack-trace">org.openqa.selenium.NoSuchWindowException: no such window: target window already closed
from unknown error: web view not found
  (Session info: chrome=118.0.5993.118)
Build info: version: &apos;4.11.0&apos;, revision: &apos;040bc5406b&apos;
System info: os.name: &apos;Windows 10&apos;, os.arch: &apos;amd64&apos;, os.version: &apos;10.0&apos;, java.version: &apos;17.0.2&apos;
Driver info: org.openqa.selenium.chrome.ChromeDriver
Command: [6e1b3f5058ce90010d873056c4931cea, findElement {using=xpath, value=//div[contains(@class,&apos;navbar-brand&apos;)]//img[@class=&apos;fmg-logo&apos;]}]
Capabilities {acceptInsecureCerts: false, browserName: chrome, browserVersion: 118.0.5993.118, chrome: {chromedriverVersion: 118.0.5993.70 (e52f33f30b91..., userDataDir: C:\Users\user\AppData\Local...}, fedcm:accounts: true, goog:chromeOptions: {debuggerAddress: localhost:55898}, networkConnectionEnabled: false, pageLoadStrategy: normal, platformName: windows, proxy: Proxy(), se:cdp: ws://localhost:55898/devtoo..., se:cdpVersion: 118.0.5993.118, setWindowRect: true, strictFileInteractability: false, timeouts: {implicit: 0, pageLoad: 300000, script: 30000}, unhandledPromptBehavior: dismiss and notify, webauthn:extension:credBlob: true, webauthn:extension:largeBlob: true, webauthn:extension:minPinLength: true, webauthn:extension:prf: true, webauthn:virtualAuthenticators: true}
Session ID: 6e1b3f5058ce90010d873056c4931cea
	at org.openqa.selenium.remote.codec.w3c.W3CHttpResponseCodec.createException(W3CHttpResponseCodec.java:200)
	at org.openqa.selenium.remote.codec.w3c.W3CHttpResponseCodec.decode(W3CHttpResponseCodec.java:133)
	at org.openqa.selenium.remote.codec.w3c.W3CHttpResponseCodec.decode(W3CHttpResponseCodec.java:52)
	at org.openqa.selenium.remote.HttpCommandExecutor.execute(HttpCommandExecutor.java:191)
	at org.openqa.selenium.remote.service.DriverCommandExecutor.invokeExecute(DriverCommandExecutor.java:196)
	at org.openqa.selenium.remote.service.DriverCommandExecutor.execute(DriverCommandExecutor.java:171)
	at org.openqa.selenium.remote.RemoteWebDriver.execute(RemoteWebDriver.java:518)
	at org.openqa.selenium.remote.ElementLocation$ElementFinder$2.findElement(ElementLocation.java:165)
	at org.openqa.selenium.remote.ElementLocation.findElement(ElementLocation.java:59)
	at org.openqa.selenium.remote.RemoteWebDriver.findElement(RemoteWebDriver.java:355)
	at org.openqa.selenium.remote.RemoteWebDriver.findElement(RemoteWebDriver.java:349)
	at org.openqa.selenium.support.pagefactory.DefaultElementLocator.findElement(DefaultElementLocator.java:68)
	at org.openqa.selenium.support.pagefactory.internal.LocatingElementHandler.invoke(LocatingElementHandler.java:38)
	at jdk.proxy2/jdk.proxy2.$Proxy19.getWrappedElement(Unknown Source)
	at org.openqa.selenium.remote.internal.WebElementToJsonConverter.apply(WebElementToJsonConverter.java:51)
	at java.base/java.util.stream.ReferencePipeline$3$1.accept(ReferencePipeline.java:197)
	at java.base/java.util.Spliterators$ArraySpliterator.forEachRemaining(Spliterators.java:992)
	at java.base/java.util.stream.AbstractPipeline.copyInto(AbstractPipeline.java:509)
	at java.base/java.util.stream.AbstractPipeline.wrapAndCopyInto(AbstractPipeline.java:499)
	at java.base/java.util.stream.ReduceOps$ReduceOp.evaluateSequential(ReduceOps.java:921)
	at java.base/java.util.stream.AbstractPipeline.evaluate(AbstractPipeline.java:234)
	at java.base/java.util.stream.ReferencePipeline.collect(ReferencePipeline.java:682)
	at org.openqa.selenium.remote.RemoteWebDriver.executeScript(RemoteWebDriver.java:461)
	at com.PageObjects.homePage.clickOnLogo(homePage.java:30)
	at com.providio.logout.tc__LogOut.Logout(tc__LogOut.java:24)
	at java.base/java.util.ArrayList.forEach(ArrayList.java:1511)
... Removed 31 stack frames
</div> <!-- stack-trace -->
                </div> <!-- method-content -->
              </div> <!-- method -->
            </div> <!-- main-panel-content rounded-window-bottom -->
          </div> <!-- suite-ProvidioTestcases-class-failed -->
          <div class="suite-ProvidioTestcases-class-failed">
            <div class="main-panel-header rounded-window-top">
              <img src="failed.png"/>
              <span class="class-name">com.RegUserWith_GiftCard.tc__RandomProducts_GuestUser_Gc</span>
            </div> <!-- main-panel-header rounded-window-top -->
            <div class="main-panel-content rounded-window-bottom">
              <div class="method">
                <div class="method-content">
                  <a name="paymentByGiftCardInGuestUser">
                  </a> <!-- paymentByGiftCardInGuestUser -->
                  <span class="method-name">paymentByGiftCardInGuestUser</span>
                  <div class="stack-trace">org.openqa.selenium.NoSuchWindowException: no such window: target window already closed
from unknown error: web view not found
  (Session info: chrome=118.0.5993.118)
Build info: version: &apos;4.11.0&apos;, revision: &apos;040bc5406b&apos;
System info: os.name: &apos;Windows 10&apos;, os.arch: &apos;amd64&apos;, os.version: &apos;10.0&apos;, java.version: &apos;17.0.2&apos;
Driver info: org.openqa.selenium.chrome.ChromeDriver
Command: [6e1b3f5058ce90010d873056c4931cea, get {url=https://storefront:FMG2023@sfccstage.firemountain.org/}]
Capabilities {acceptInsecureCerts: false, browserName: chrome, browserVersion: 118.0.5993.118, chrome: {chromedriverVersion: 118.0.5993.70 (e52f33f30b91..., userDataDir: C:\Users\user\AppData\Local...}, fedcm:accounts: true, goog:chromeOptions: {debuggerAddress: localhost:55898}, networkConnectionEnabled: false, pageLoadStrategy: normal, platformName: windows, proxy: Proxy(), se:cdp: ws://localhost:55898/devtoo..., se:cdpVersion: 118.0.5993.118, setWindowRect: true, strictFileInteractability: false, timeouts: {implicit: 0, pageLoad: 300000, script: 30000}, unhandledPromptBehavior: dismiss and notify, webauthn:extension:credBlob: true, webauthn:extension:largeBlob: true, webauthn:extension:minPinLength: true, webauthn:extension:prf: true, webauthn:virtualAuthenticators: true}
Session ID: 6e1b3f5058ce90010d873056c4931cea
	at org.openqa.selenium.remote.codec.w3c.W3CHttpResponseCodec.createException(W3CHttpResponseCodec.java:200)
	at org.openqa.selenium.remote.codec.w3c.W3CHttpResponseCodec.decode(W3CHttpResponseCodec.java:133)
	at org.openqa.selenium.remote.codec.w3c.W3CHttpResponseCodec.decode(W3CHttpResponseCodec.java:52)
	at org.openqa.selenium.remote.HttpCommandExecutor.execute(HttpCommandExecutor.java:191)
	at org.openqa.selenium.remote.service.DriverCommandExecutor.invokeExecute(DriverCommandExecutor.java:196)
	at org.openqa.selenium.remote.service.DriverCommandExecutor.execute(DriverCommandExecutor.java:171)
	at org.openqa.selenium.remote.RemoteWebDriver.execute(RemoteWebDriver.java:518)
	at org.openqa.selenium.remote.RemoteWebDriver.get(RemoteWebDriver.java:300)
	at com.providio.launchingbrowser.launchBrowsering.chromeBrowser(launchBrowsering.java:15)
	at com.RegUserWith_GiftCard.tc__RandomProducts_GuestUser_Gc.paymentByGiftCardInGuestUser(tc__RandomProducts_GuestUser_Gc.java:20)
	at java.base/java.util.ArrayList.forEach(ArrayList.java:1511)
... Removed 31 stack frames
</div> <!-- stack-trace -->
                </div> <!-- method-content -->
              </div> <!-- method -->
            </div> <!-- main-panel-content rounded-window-bottom -->
          </div> <!-- suite-ProvidioTestcases-class-failed -->
          <div class="suite-ProvidioTestcases-class-failed">
            <div class="main-panel-header rounded-window-top">
              <img src="failed.png"/>
              <span class="class-name">com.RegUserWith_GcAndPaypal.tc__OnlyGiftCards_Reg_InGcAndPaypal</span>
            </div> <!-- main-panel-header rounded-window-top -->
            <div class="main-panel-content rounded-window-bottom">
              <div class="method">
                <div class="method-content">
                  <a name="OnlyGiftCards">
                  </a> <!-- OnlyGiftCards -->
                  <span class="method-name">OnlyGiftCards</span>
                  <div class="stack-trace">org.openqa.selenium.NoSuchWindowException: no such window: target window already closed
from unknown error: web view not found
  (Session info: chrome=118.0.5993.118)
Build info: version: &apos;4.11.0&apos;, revision: &apos;040bc5406b&apos;
System info: os.name: &apos;Windows 10&apos;, os.arch: &apos;amd64&apos;, os.version: &apos;10.0&apos;, java.version: &apos;17.0.2&apos;
Driver info: org.openqa.selenium.chrome.ChromeDriver
Command: [6e1b3f5058ce90010d873056c4931cea, findElements {using=class name, value=premega-nav-block}]
Capabilities {acceptInsecureCerts: false, browserName: chrome, browserVersion: 118.0.5993.118, chrome: {chromedriverVersion: 118.0.5993.70 (e52f33f30b91..., userDataDir: C:\Users\user\AppData\Local...}, fedcm:accounts: true, goog:chromeOptions: {debuggerAddress: localhost:55898}, networkConnectionEnabled: false, pageLoadStrategy: normal, platformName: windows, proxy: Proxy(), se:cdp: ws://localhost:55898/devtoo..., se:cdpVersion: 118.0.5993.118, setWindowRect: true, strictFileInteractability: false, timeouts: {implicit: 0, pageLoad: 300000, script: 30000}, unhandledPromptBehavior: dismiss and notify, webauthn:extension:credBlob: true, webauthn:extension:largeBlob: true, webauthn:extension:minPinLength: true, webauthn:extension:prf: true, webauthn:virtualAuthenticators: true}
Session ID: 6e1b3f5058ce90010d873056c4931cea
	at org.openqa.selenium.remote.codec.w3c.W3CHttpResponseCodec.createException(W3CHttpResponseCodec.java:200)
	at org.openqa.selenium.remote.codec.w3c.W3CHttpResponseCodec.decode(W3CHttpResponseCodec.java:133)
	at org.openqa.selenium.remote.codec.w3c.W3CHttpResponseCodec.decode(W3CHttpResponseCodec.java:52)
	at org.openqa.selenium.remote.HttpCommandExecutor.execute(HttpCommandExecutor.java:191)
	at org.openqa.selenium.remote.service.DriverCommandExecutor.invokeExecute(DriverCommandExecutor.java:196)
	at org.openqa.selenium.remote.service.DriverCommandExecutor.execute(DriverCommandExecutor.java:171)
	at org.openqa.selenium.remote.RemoteWebDriver.execute(RemoteWebDriver.java:518)
	at org.openqa.selenium.remote.ElementLocation$ElementFinder$2.findElements(ElementLocation.java:182)
	at org.openqa.selenium.remote.ElementLocation.findElements(ElementLocation.java:103)
	at org.openqa.selenium.remote.RemoteWebDriver.findElements(RemoteWebDriver.java:368)
	at org.openqa.selenium.remote.RemoteWebDriver.findElements(RemoteWebDriver.java:362)
	at org.openqa.selenium.support.pagefactory.DefaultElementLocator.findElements(DefaultElementLocator.java:83)
	at org.openqa.selenium.support.pagefactory.internal.LocatingElementListHandler.invoke(LocatingElementListHandler.java:36)
	at jdk.proxy2/jdk.proxy2.$Proxy20.size(Unknown Source)
	at com.PageObjects.GiftCertificate.clickOnGiftCard(GiftCertificate.java:99)
	at com.providio.Scenarios.giftCard.giftCards(giftCard.java:13)
	at com.RegUserWith_GcAndPaypal.tc__OnlyGiftCards_Reg_InGcAndPaypal.OnlyGiftCards(tc__OnlyGiftCards_Reg_InGcAndPaypal.java:19)
	at java.base/java.util.ArrayList.forEach(ArrayList.java:1511)
... Removed 31 stack frames
</div> <!-- stack-trace -->
                </div> <!-- method-content -->
              </div> <!-- method -->
            </div> <!-- main-panel-content rounded-window-bottom -->
          </div> <!-- suite-ProvidioTestcases-class-failed -->
          <div class="suite-ProvidioTestcases-class-failed">
            <div class="main-panel-header rounded-window-top">
              <img src="failed.png"/>
              <span class="class-name">com.RegUserWith_GiftCard.tc__SimpleProductAndGc_Reg_InGc</span>
            </div> <!-- main-panel-header rounded-window-top -->
            <div class="main-panel-content rounded-window-bottom">
              <div class="method">
                <div class="method-content">
                  <a name="simpleProduct_Gc">
                  </a> <!-- simpleProduct_Gc -->
                  <span class="method-name">simpleProduct_Gc</span>
                  <div class="stack-trace">org.openqa.selenium.NoSuchWindowException: no such window: target window already closed
from unknown error: web view not found
  (Session info: chrome=118.0.5993.118)
Build info: version: &apos;4.11.0&apos;, revision: &apos;040bc5406b&apos;
System info: os.name: &apos;Windows 10&apos;, os.arch: &apos;amd64&apos;, os.version: &apos;10.0&apos;, java.version: &apos;17.0.2&apos;
Driver info: org.openqa.selenium.chrome.ChromeDriver
Command: [6e1b3f5058ce90010d873056c4931cea, findElements {using=class name, value=premega-nav-block}]
Capabilities {acceptInsecureCerts: false, browserName: chrome, browserVersion: 118.0.5993.118, chrome: {chromedriverVersion: 118.0.5993.70 (e52f33f30b91..., userDataDir: C:\Users\user\AppData\Local...}, fedcm:accounts: true, goog:chromeOptions: {debuggerAddress: localhost:55898}, networkConnectionEnabled: false, pageLoadStrategy: normal, platformName: windows, proxy: Proxy(), se:cdp: ws://localhost:55898/devtoo..., se:cdpVersion: 118.0.5993.118, setWindowRect: true, strictFileInteractability: false, timeouts: {implicit: 0, pageLoad: 300000, script: 30000}, unhandledPromptBehavior: dismiss and notify, webauthn:extension:credBlob: true, webauthn:extension:largeBlob: true, webauthn:extension:minPinLength: true, webauthn:extension:prf: true, webauthn:virtualAuthenticators: true}
Session ID: 6e1b3f5058ce90010d873056c4931cea
	at org.openqa.selenium.remote.codec.w3c.W3CHttpResponseCodec.createException(W3CHttpResponseCodec.java:200)
	at org.openqa.selenium.remote.codec.w3c.W3CHttpResponseCodec.decode(W3CHttpResponseCodec.java:133)
	at org.openqa.selenium.remote.codec.w3c.W3CHttpResponseCodec.decode(W3CHttpResponseCodec.java:52)
	at org.openqa.selenium.remote.HttpCommandExecutor.execute(HttpCommandExecutor.java:191)
	at org.openqa.selenium.remote.service.DriverCommandExecutor.invokeExecute(DriverCommandExecutor.java:196)
	at org.openqa.selenium.remote.service.DriverCommandExecutor.execute(DriverCommandExecutor.java:171)
	at org.openqa.selenium.remote.RemoteWebDriver.execute(RemoteWebDriver.java:518)
	at org.openqa.selenium.remote.ElementLocation$ElementFinder$2.findElements(ElementLocation.java:182)
	at org.openqa.selenium.remote.ElementLocation.findElements(ElementLocation.java:103)
	at org.openqa.selenium.remote.RemoteWebDriver.findElements(RemoteWebDriver.java:368)
	at org.openqa.selenium.remote.RemoteWebDriver.findElements(RemoteWebDriver.java:362)
	at org.openqa.selenium.support.pagefactory.DefaultElementLocator.findElements(DefaultElementLocator.java:83)
	at org.openqa.selenium.support.pagefactory.internal.LocatingElementListHandler.invoke(LocatingElementListHandler.java:36)
	at jdk.proxy2/jdk.proxy2.$Proxy20.size(Unknown Source)
	at com.PageObjects.GiftCertificate.clickOnGiftCard(GiftCertificate.java:99)
	at com.providio.Scenarios.giftCard.giftCards(giftCard.java:13)
	at com.RegUserWith_GiftCard.tc__SimpleProductAndGc_Reg_InGc.simpleProduct_Gc(tc__SimpleProductAndGc_Reg_InGc.java:21)
	at java.base/java.util.ArrayList.forEach(ArrayList.java:1511)
... Removed 31 stack frames
</div> <!-- stack-trace -->
                </div> <!-- method-content -->
              </div> <!-- method -->
            </div> <!-- main-panel-content rounded-window-bottom -->
          </div> <!-- suite-ProvidioTestcases-class-failed -->
          <div class="suite-ProvidioTestcases-class-passed">
            <div class="main-panel-header rounded-window-top">
              <img src="passed.png"/>
              <span class="class-name">com.providio.login.tc__Login</span>
            </div> <!-- main-panel-header rounded-window-top -->
            <div class="main-panel-content rounded-window-bottom">
              <div class="method">
                <div class="method-content">
                  <a name="loginTest">
                  </a> <!-- loginTest -->
                  <span class="method-name">loginTest</span>
                </div> <!-- method-content -->
              </div> <!-- method -->
            </div> <!-- main-panel-content rounded-window-bottom -->
          </div> <!-- suite-ProvidioTestcases-class-passed -->
        </div> <!-- panel ProvidioTestcases -->
        <div panel-name="test-xml-ProvidioTestcases" class="panel">
          <div class="main-panel-header rounded-window-top">
            <span class="header-content">C:\Users\user\git\Fmg1\proVidioETG\RegUser.xml</span>
          </div> <!-- main-panel-header rounded-window-top -->
          <div class="main-panel-content rounded-window-bottom">
            <pre>
&lt;?xml version=&quot;1.0&quot; encoding=&quot;UTF-8&quot;?&gt;
&lt;!DOCTYPE suite SYSTEM &quot;https://testng.org/testng-1.0.dtd&quot;&gt;
&lt;suite name=&quot;ProvidioTestcases&quot; guice-stage=&quot;DEVELOPMENT&quot;&gt;
  &lt;test thread-count=&quot;5&quot; name=&quot;Automation&quot;&gt;
    &lt;classes&gt;
      &lt;class name=&quot;com.providio.login.tc__Login&quot;/&gt;
      &lt;class name=&quot;com.RegUserWith_CreditCard.tc__BySearchingProduct_RegUser_InCC&quot;/&gt;
      &lt;class name=&quot;com.RegUserWith_CreditCard.tc__OnlyGiftCards_RegUser_InCc&quot;/&gt;
      &lt;class name=&quot;com.RegUserWith_CreditCard.tc__simpleProductAndGc_InCC&quot;/&gt;
      &lt;class name=&quot;com.RegUserWith_GcAndCC.tc__BySearchingProduct_RegUser_InGcAndCc&quot;/&gt;
      &lt;class name=&quot;com.RegUserWith_GcAndCC.tc__OnlyGiftCards_Reg_InGcAndCC&quot;/&gt;
      &lt;class name=&quot;com.RegUserWith_GcAndCC.tc__simpleProductAndGc_InCCAndCc_InRegUser&quot;/&gt;
      &lt;class name=&quot;com.RegUserWith_GiftCard.tc__BySearchingProduct_Reg_InGc&quot;/&gt;
      &lt;class name=&quot;com.RegUserWith_GiftCard.tc__OnlyGiftCards_Reg_InGc&quot;/&gt;
      &lt;class name=&quot;com.RegUserWith_GiftCard.tc__RandomProducts_GuestUser_Gc&quot;/&gt;
      &lt;class name=&quot;com.RegUserWith_GiftCard.tc__SimpleProductAndGc_Reg_InGc&quot;/&gt;
      &lt;class name=&quot;com.RegUserWith_GcAndCC.tc__BySearchingProduct_RegUser_InGcAndCc&quot;/&gt;
      &lt;class name=&quot;com.RegUserWith_GcAndCC.tc__OnlyGiftCards_Reg_InGcAndCC&quot;/&gt;
      &lt;class name=&quot;com.RegUserWith_GcAndCC.tc__simpleProductAndGc_InCCAndCc_InRegUser&quot;/&gt;
      &lt;class name=&quot;com.RegUserWith_GcAndPaypal.tc__RandomProductsGuestUser_InGcAndPaypal&quot;/&gt;
      &lt;class name=&quot;com.RegUserWith_GcAndPaypal.tc__simpleProductAndGc_InGcAndPaypal&quot;/&gt;
      &lt;class name=&quot;com.RegUserWith_GcAndPaypal.tc__OnlyGiftCards_Reg_InGcAndPaypal&quot;/&gt;
      &lt;class name=&quot;com.RegUserWith_Checkout_Paypal.tc__BySearchingProduct_RegUser_InCheckoutPaypal&quot;/&gt;
      &lt;class name=&quot;com.RegUserWith_Checkout_Paypal.tc__OnlyGiftCards_Checkout_Paypal_RegUser&quot;/&gt;
      &lt;class name=&quot;com.RegUserWith_Checkout_Paypal.tc__SimpleProductAndGc_InCheckout_Paypal_RegUser&quot;/&gt;
      &lt;class name=&quot;com.RegUserWith_Checkout_Paypal.tc__RandomProducts_CheckoutPaypal_RegUser&quot;/&gt;
      &lt;class name=&quot;com.RegUserWith_ViewCart_Paypal.tc__BySearchingProduct_Reg_InVC_Paypal&quot;/&gt;
      &lt;class name=&quot;com.RegUserWith_ViewCart_Paypal.tc__OnlyGiftCards_GuestUser_VC_Paypal&quot;/&gt;
      &lt;class name=&quot;com.RegUserWith_ViewCart_Paypal.tc__simpleProductAndGc_Reg_InVC_Paypal&quot;/&gt;
      &lt;class name=&quot;com.providio.logout.tc__LogOut&quot;/&gt;
    &lt;/classes&gt;
  &lt;/test&gt; &lt;!-- Automation --&gt;
&lt;/suite&gt; &lt;!-- ProvidioTestcases --&gt;
            </pre>
          </div> <!-- main-panel-content rounded-window-bottom -->
        </div> <!-- panel -->
        <div panel-name="testlist-ProvidioTestcases" class="panel">
          <div class="main-panel-header rounded-window-top">
            <span class="header-content">Tests for ProvidioTestcases</span>
          </div> <!-- main-panel-header rounded-window-top -->
          <div class="main-panel-content rounded-window-bottom">
            <ul>
              <li>
                <span class="test-name">Automation (25 classes)</span>
              </li>
            </ul>
          </div> <!-- main-panel-content rounded-window-bottom -->
        </div> <!-- panel -->
        <div panel-name="group-ProvidioTestcases" class="panel">
          <div class="main-panel-header rounded-window-top">
            <span class="header-content">Groups for ProvidioTestcases</span>
          </div> <!-- main-panel-header rounded-window-top -->
          <div class="main-panel-content rounded-window-bottom">
          </div> <!-- main-panel-content rounded-window-bottom -->
        </div> <!-- panel -->
        <div panel-name="times-ProvidioTestcases" class="panel">
          <div class="main-panel-header rounded-window-top">
            <span class="header-content">Times for ProvidioTestcases</span>
          </div> <!-- main-panel-header rounded-window-top -->
          <div class="main-panel-content rounded-window-bottom">
            <div class="times-div">
              <script type="text/javascript">
suiteTableInitFunctions.push('tableData_ProvidioTestcases');
function tableData_ProvidioTestcases() {
var data = new google.visualization.DataTable();
data.addColumn('number', 'Number');
data.addColumn('string', 'Method');
data.addColumn('string', 'Class');
data.addColumn('number', 'Time (ms)');
data.addRows(22);
data.setCell(0, 0, 0)
data.setCell(0, 1, 'bySearchingProduct')
data.setCell(0, 2, 'com.RegUserWith_CreditCard.tc__BySearchingProduct_RegUser_InCC')
data.setCell(0, 3, 59153);
data.setCell(1, 0, 1)
data.setCell(1, 1, 'loginTest')
data.setCell(1, 2, 'com.providio.login.tc__Login')
data.setCell(1, 3, 35601);
data.setCell(2, 0, 2)
data.setCell(2, 1, 'Logout')
data.setCell(2, 2, 'com.providio.logout.tc__LogOut')
data.setCell(2, 3, 5020);
data.setCell(3, 0, 3)
data.setCell(3, 1, 'bySearchingProduct')
data.setCell(3, 2, 'com.RegUserWith_Checkout_Paypal.tc__BySearchingProduct_RegUser_InCheckoutPaypal')
data.setCell(3, 3, 2055);
data.setCell(4, 0, 4)
data.setCell(4, 1, 'bySearchingProduct')
data.setCell(4, 2, 'com.RegUserWith_ViewCart_Paypal.tc__BySearchingProduct_Reg_InVC_Paypal')
data.setCell(4, 3, 2044);
data.setCell(5, 0, 5)
data.setCell(5, 1, 'bySearchingProduct')
data.setCell(5, 2, 'com.RegUserWith_GiftCard.tc__BySearchingProduct_Reg_InGc')
data.setCell(5, 3, 2039);
data.setCell(6, 0, 6)
data.setCell(6, 1, 'simpleProduct_Gc')
data.setCell(6, 2, 'com.RegUserWith_CreditCard.tc__simpleProductAndGc_InCC')
data.setCell(6, 3, 151);
data.setCell(7, 0, 7)
data.setCell(7, 1, 'OnlyGiftCards')
data.setCell(7, 2, 'com.RegUserWith_CreditCard.tc__OnlyGiftCards_RegUser_InCc')
data.setCell(7, 3, 47);
data.setCell(8, 0, 8)
data.setCell(8, 1, 'simpleProduct_Gc')
data.setCell(8, 2, 'com.RegUserWith_GcAndCC.tc__simpleProductAndGc_InCCAndCc_InRegUser')
data.setCell(8, 3, 30);
data.setCell(9, 0, 9)
data.setCell(9, 1, 'randomProducts')
data.setCell(9, 2, 'com.RegUserWith_Checkout_Paypal.tc__RandomProducts_CheckoutPaypal_RegUser')
data.setCell(9, 3, 27);
data.setCell(10, 0, 10)
data.setCell(10, 1, 'OnlyGiftCards')
data.setCell(10, 2, 'com.RegUserWith_GcAndCC.tc__OnlyGiftCards_Reg_InGcAndCC')
data.setCell(10, 3, 23);
data.setCell(11, 0, 11)
data.setCell(11, 1, 'paymentByGiftCardInGuestUser')
data.setCell(11, 2, 'com.RegUserWith_GiftCard.tc__RandomProducts_GuestUser_Gc')
data.setCell(11, 3, 22);
data.setCell(12, 0, 12)
data.setCell(12, 1, 'simpleProduct_Gc')
data.setCell(12, 2, 'com.RegUserWith_GiftCard.tc__SimpleProductAndGc_Reg_InGc')
data.setCell(12, 3, 20);
data.setCell(13, 0, 13)
data.setCell(13, 1, 'bySearchingProduct')
data.setCell(13, 2, 'com.RegUserWith_GcAndCC.tc__BySearchingProduct_RegUser_InGcAndCc')
data.setCell(13, 3, 18);
data.setCell(14, 0, 14)
data.setCell(14, 1, 'OnlyGiftCards')
data.setCell(14, 2, 'com.RegUserWith_GiftCard.tc__OnlyGiftCards_Reg_InGc')
data.setCell(14, 3, 18);
data.setCell(15, 0, 15)
data.setCell(15, 1, 'OnlyGiftCards')
data.setCell(15, 2, 'com.RegUserWith_GcAndPaypal.tc__OnlyGiftCards_Reg_InGcAndPaypal')
data.setCell(15, 3, 16);
data.setCell(16, 0, 16)
data.setCell(16, 1, 'simpleProduct_Gc')
data.setCell(16, 2, 'com.RegUserWith_ViewCart_Paypal.tc__simpleProductAndGc_Reg_InVC_Paypal')
data.setCell(16, 3, 16);
data.setCell(17, 0, 17)
data.setCell(17, 1, 'simpleProduct_Gc')
data.setCell(17, 2, 'com.RegUserWith_GcAndPaypal.tc__simpleProductAndGc_InGcAndPaypal')
data.setCell(17, 3, 15);
data.setCell(18, 0, 18)
data.setCell(18, 1, 'simpleProduct_Gc')
data.setCell(18, 2, 'com.RegUserWith_Checkout_Paypal.tc__SimpleProductAndGc_InCheckout_Paypal_RegUser')
data.setCell(18, 3, 14);
data.setCell(19, 0, 19)
data.setCell(19, 1, 'OnlyGiftCards')
data.setCell(19, 2, 'com.RegUserWith_Checkout_Paypal.tc__OnlyGiftCards_Checkout_Paypal_RegUser')
data.setCell(19, 3, 14);
data.setCell(20, 0, 20)
data.setCell(20, 1, 'OnlyGiftCards')
data.setCell(20, 2, 'com.RegUserWith_ViewCart_Paypal.tc__OnlyGiftCards_GuestUser_VC_Paypal')
data.setCell(20, 3, 14);
data.setCell(21, 0, 21)
data.setCell(21, 1, 'simpleProduct')
data.setCell(21, 2, 'com.RegUserWith_GcAndPaypal.tc__RandomProductsGuestUser_InGcAndPaypal')
data.setCell(21, 3, 3);
window.suiteTableData['ProvidioTestcases']= { tableData: data, tableDiv: 'times-div-ProvidioTestcases'}
return data;
}
              </script>
              <span class="suite-total-time">Total running time: 1 minutes</span>
              <div id="times-div-ProvidioTestcases">
              </div> <!-- times-div-ProvidioTestcases -->
            </div> <!-- times-div -->
          </div> <!-- main-panel-content rounded-window-bottom -->
        </div> <!-- panel -->
        <div panel-name="reporter-ProvidioTestcases" class="panel">
          <div class="main-panel-header rounded-window-top">
            <span class="header-content">Reporter output for ProvidioTestcases</span>
          </div> <!-- main-panel-header rounded-window-top -->
          <div class="main-panel-content rounded-window-bottom">
          </div> <!-- main-panel-content rounded-window-bottom -->
        </div> <!-- panel -->
        <div panel-name="ignored-methods-ProvidioTestcases" class="panel">
          <div class="main-panel-header rounded-window-top">
            <span class="header-content">42 ignored methods</span>
          </div> <!-- main-panel-header rounded-window-top -->
          <div class="main-panel-content rounded-window-bottom">
            <div class="ignored-class-div">
              <span class="ignored-class-name">com.RegUserWith_GiftCard.tc__BySearchingProduct_Reg_InGc</span>
              <div class="ignored-methods-div">
                <span class="ignored-method-name">setUpforReport</span>
                <br/>
                <span class="ignored-method-name">tearDown</span>
                <br/>
              </div> <!-- ignored-methods-div -->
            </div> <!-- ignored-class-div -->
            <div class="ignored-class-div">
              <span class="ignored-class-name">com.RegUserWith_ViewCart_Paypal.tc__BySearchingProduct_Reg_InVC_Paypal</span>
              <div class="ignored-methods-div">
                <span class="ignored-method-name">tearDown</span>
                <br/>
                <span class="ignored-method-name">setUpforReport</span>
                <br/>
              </div> <!-- ignored-methods-div -->
            </div> <!-- ignored-class-div -->
            <div class="ignored-class-div">
              <span class="ignored-class-name">com.RegUserWith_GcAndPaypal.tc__RandomProductsGuestUser_InGcAndPaypal</span>
              <div class="ignored-methods-div">
                <span class="ignored-method-name">setUpforReport</span>
                <br/>
                <span class="ignored-method-name">tearDown</span>
                <br/>
              </div> <!-- ignored-methods-div -->
            </div> <!-- ignored-class-div -->
            <div class="ignored-class-div">
              <span class="ignored-class-name">com.RegUserWith_GiftCard.tc__OnlyGiftCards_Reg_InGc</span>
              <div class="ignored-methods-div">
                <span class="ignored-method-name">tearDown</span>
                <br/>
                <span class="ignored-method-name">setUpforReport</span>
                <br/>
              </div> <!-- ignored-methods-div -->
            </div> <!-- ignored-class-div -->
            <div class="ignored-class-div">
              <span class="ignored-class-name">com.RegUserWith_CreditCard.tc__BySearchingProduct_RegUser_InCC</span>
              <div class="ignored-methods-div">
                <span class="ignored-method-name">tearDown</span>
                <br/>
                <span class="ignored-method-name">setUpforReport</span>
                <br/>
              </div> <!-- ignored-methods-div -->
            </div> <!-- ignored-class-div -->
            <div class="ignored-class-div">
              <span class="ignored-class-name">com.RegUserWith_CreditCard.tc__OnlyGiftCards_RegUser_InCc</span>
              <div class="ignored-methods-div">
                <span class="ignored-method-name">setUpforReport</span>
                <br/>
                <span class="ignored-method-name">tearDown</span>
                <br/>
              </div> <!-- ignored-methods-div -->
            </div> <!-- ignored-class-div -->
            <div class="ignored-class-div">
              <span class="ignored-class-name">com.RegUserWith_CreditCard.tc__simpleProductAndGc_InCC</span>
              <div class="ignored-methods-div">
                <span class="ignored-method-name">setUpforReport</span>
                <br/>
                <span class="ignored-method-name">tearDown</span>
                <br/>
              </div> <!-- ignored-methods-div -->
            </div> <!-- ignored-class-div -->
            <div class="ignored-class-div">
              <span class="ignored-class-name">com.RegUserWith_Checkout_Paypal.tc__SimpleProductAndGc_InCheckout_Paypal_RegUser</span>
              <div class="ignored-methods-div">
                <span class="ignored-method-name">setUpforReport</span>
                <br/>
                <span class="ignored-method-name">tearDown</span>
                <br/>
              </div> <!-- ignored-methods-div -->
            </div> <!-- ignored-class-div -->
            <div class="ignored-class-div">
              <span class="ignored-class-name">com.RegUserWith_Checkout_Paypal.tc__RandomProducts_CheckoutPaypal_RegUser</span>
              <div class="ignored-methods-div">
                <span class="ignored-method-name">tearDown</span>
                <br/>
                <span class="ignored-method-name">setUpforReport</span>
                <br/>
              </div> <!-- ignored-methods-div -->
            </div> <!-- ignored-class-div -->
            <div class="ignored-class-div">
              <span class="ignored-class-name">com.RegUserWith_ViewCart_Paypal.tc__simpleProductAndGc_Reg_InVC_Paypal</span>
              <div class="ignored-methods-div">
                <span class="ignored-method-name">setUpforReport</span>
                <br/>
                <span class="ignored-method-name">tearDown</span>
                <br/>
              </div> <!-- ignored-methods-div -->
            </div> <!-- ignored-class-div -->
            <div class="ignored-class-div">
              <span class="ignored-class-name">com.RegUserWith_Checkout_Paypal.tc__OnlyGiftCards_Checkout_Paypal_RegUser</span>
              <div class="ignored-methods-div">
                <span class="ignored-method-name">tearDown</span>
                <br/>
                <span class="ignored-method-name">setUpforReport</span>
                <br/>
              </div> <!-- ignored-methods-div -->
            </div> <!-- ignored-class-div -->
            <div class="ignored-class-div">
              <span class="ignored-class-name">com.RegUserWith_GcAndCC.tc__BySearchingProduct_RegUser_InGcAndCc</span>
              <div class="ignored-methods-div">
                <span class="ignored-method-name">setUpforReport</span>
                <br/>
                <span class="ignored-method-name">tearDown</span>
                <br/>
              </div> <!-- ignored-methods-div -->
            </div> <!-- ignored-class-div -->
            <div class="ignored-class-div">
              <span class="ignored-class-name">com.RegUserWith_GcAndCC.tc__simpleProductAndGc_InCCAndCc_InRegUser</span>
              <div class="ignored-methods-div">
                <span class="ignored-method-name">tearDown</span>
                <br/>
                <span class="ignored-method-name">setUpforReport</span>
                <br/>
              </div> <!-- ignored-methods-div -->
            </div> <!-- ignored-class-div -->
            <div class="ignored-class-div">
              <span class="ignored-class-name">com.RegUserWith_GcAndCC.tc__OnlyGiftCards_Reg_InGcAndCC</span>
              <div class="ignored-methods-div">
                <span class="ignored-method-name">setUpforReport</span>
                <br/>
                <span class="ignored-method-name">tearDown</span>
                <br/>
              </div> <!-- ignored-methods-div -->
            </div> <!-- ignored-class-div -->
            <div class="ignored-class-div">
              <span class="ignored-class-name">com.RegUserWith_GcAndPaypal.tc__simpleProductAndGc_InGcAndPaypal</span>
              <div class="ignored-methods-div">
                <span class="ignored-method-name">setUpforReport</span>
                <br/>
                <span class="ignored-method-name">tearDown</span>
                <br/>
              </div> <!-- ignored-methods-div -->
            </div> <!-- ignored-class-div -->
            <div class="ignored-class-div">
              <span class="ignored-class-name">com.RegUserWith_ViewCart_Paypal.tc__OnlyGiftCards_GuestUser_VC_Paypal</span>
              <div class="ignored-methods-div">
                <span class="ignored-method-name">setUpforReport</span>
                <br/>
                <span class="ignored-method-name">tearDown</span>
                <br/>
              </div> <!-- ignored-methods-div -->
            </div> <!-- ignored-class-div -->
            <div class="ignored-class-div">
              <span class="ignored-class-name">com.RegUserWith_Checkout_Paypal.tc__BySearchingProduct_RegUser_InCheckoutPaypal</span>
              <div class="ignored-methods-div">
                <span class="ignored-method-name">setUpforReport</span>
                <br/>
                <span class="ignored-method-name">tearDown</span>
                <br/>
              </div> <!-- ignored-methods-div -->
            </div> <!-- ignored-class-div -->
            <div class="ignored-class-div">
              <span class="ignored-class-name">com.providio.logout.tc__LogOut</span>
              <div class="ignored-methods-div">
                <span class="ignored-method-name">setUpforReport</span>
                <br/>
                <span class="ignored-method-name">tearDown</span>
                <br/>
              </div> <!-- ignored-methods-div -->
            </div> <!-- ignored-class-div -->
            <div class="ignored-class-div">
              <span class="ignored-class-name">com.RegUserWith_GiftCard.tc__RandomProducts_GuestUser_Gc</span>
              <div class="ignored-methods-div">
                <span class="ignored-method-name">tearDown</span>
                <br/>
                <span class="ignored-method-name">setUpforReport</span>
                <br/>
              </div> <!-- ignored-methods-div -->
            </div> <!-- ignored-class-div -->
            <div class="ignored-class-div">
              <span class="ignored-class-name">com.RegUserWith_GcAndPaypal.tc__OnlyGiftCards_Reg_InGcAndPaypal</span>
              <div class="ignored-methods-div">
                <span class="ignored-method-name">tearDown</span>
                <br/>
                <span class="ignored-method-name">setUpforReport</span>
                <br/>
              </div> <!-- ignored-methods-div -->
            </div> <!-- ignored-class-div -->
            <div class="ignored-class-div">
              <span class="ignored-class-name">com.RegUserWith_GiftCard.tc__SimpleProductAndGc_Reg_InGc</span>
              <div class="ignored-methods-div">
                <span class="ignored-method-name">tearDown</span>
                <br/>
                <span class="ignored-method-name">setUpforReport</span>
                <br/>
              </div> <!-- ignored-methods-div -->
            </div> <!-- ignored-class-div -->
          </div> <!-- main-panel-content rounded-window-bottom -->
        </div> <!-- panel -->
        <div panel-name="chronological-ProvidioTestcases" class="panel">
          <div class="main-panel-header rounded-window-top">
            <span class="header-content">Methods in chronological order</span>
          </div> <!-- main-panel-header rounded-window-top -->
          <div class="main-panel-content rounded-window-bottom">
            <div class="chronological-class">
              <div class="chronological-class-name">com.providio.login.tc__Login</div> <!-- chronological-class-name -->
              <div class="configuration-suite before">
                <span class="method-name">setUpforReport</span>
                <span class="method-start">0 ms</span>
              </div> <!-- configuration-suite before -->
              <div class="configuration-class before">
                <span class="method-name">setUp</span>
                <span class="method-start">2712 ms</span>
              </div> <!-- configuration-class before -->
              <div class="test-method">
                <span class="method-name">loginTest</span>
                <span class="method-start">4778 ms</span>
              </div> <!-- test-method -->
              <div class="configuration-method after">
                <span class="method-name">afterMethod([TestResult name=loginTest status=SUCCESS method=tc__Login.loginTest()[pri:0, instance:com.providio....)</span>
                <span class="method-start">40382 ms</span>
              </div> <!-- configuration-method after -->
            </div> <!-- chronological-class -->
            <div class="chronological-class">
              <div class="chronological-class-name">com.RegUserWith_CreditCard.tc__BySearchingProduct_RegUser_InCC</div> <!-- chronological-class-name -->
              <div class="configuration-class before">
                <span class="method-name">setUp</span>
                <span class="method-start">40411 ms</span>
              </div> <!-- configuration-class before -->
              <div class="test-method">
                <img src="failed.png">
                </img>
                <span class="method-name">bySearchingProduct</span>
                <span class="method-start">42420 ms</span>
              </div> <!-- test-method -->
              <div class="configuration-method after">
                <img src="failed.png">
                </img>
                <span class="method-name">afterMethod([TestResult name=bySearchingProduct status=FAILURE method=tc__BySearchingProduct_RegUser_InCC.bySear...)</span>
                <span class="method-start">101577 ms</span>
              </div> <!-- configuration-method after -->
            </div> <!-- chronological-class -->
            <div class="chronological-class">
              <div class="chronological-class-name">com.RegUserWith_CreditCard.tc__OnlyGiftCards_RegUser_InCc</div> <!-- chronological-class-name -->
              <div class="configuration-class before">
                <span class="method-name">setUp</span>
                <span class="method-start">101593 ms</span>
              </div> <!-- configuration-class before -->
              <div class="test-method">
                <img src="failed.png">
                </img>
                <span class="method-name">OnlyGiftCards</span>
                <span class="method-start">103610 ms</span>
              </div> <!-- test-method -->
              <div class="configuration-method after">
                <img src="failed.png">
                </img>
                <span class="method-name">afterMethod([TestResult name=OnlyGiftCards status=FAILURE method=tc__OnlyGiftCards_RegUser_InCc.OnlyGiftCards()[...)</span>
                <span class="method-start">103659 ms</span>
              </div> <!-- configuration-method after -->
            </div> <!-- chronological-class -->
            <div class="chronological-class">
              <div class="chronological-class-name">com.RegUserWith_CreditCard.tc__simpleProductAndGc_InCC</div> <!-- chronological-class-name -->
              <div class="configuration-class before">
                <span class="method-name">setUp</span>
                <span class="method-start">103723 ms</span>
              </div> <!-- configuration-class before -->
              <div class="test-method">
                <img src="failed.png">
                </img>
                <span class="method-name">simpleProduct_Gc</span>
                <span class="method-start">105728 ms</span>
              </div> <!-- test-method -->
              <div class="configuration-method after">
                <img src="failed.png">
                </img>
                <span class="method-name">afterMethod([TestResult name=simpleProduct_Gc status=FAILURE method=tc__simpleProductAndGc_InCC.simpleProduct_Gc...)</span>
                <span class="method-start">105882 ms</span>
              </div> <!-- configuration-method after -->
            </div> <!-- chronological-class -->
            <div class="chronological-class">
              <div class="chronological-class-name">com.RegUserWith_GcAndCC.tc__BySearchingProduct_RegUser_InGcAndCc</div> <!-- chronological-class-name -->
              <div class="configuration-class before">
                <span class="method-name">setUp</span>
                <span class="method-start">105897 ms</span>
              </div> <!-- configuration-class before -->
              <div class="test-method">
                <img src="failed.png">
                </img>
                <span class="method-name">bySearchingProduct</span>
                <span class="method-start">107912 ms</span>
              </div> <!-- test-method -->
              <div class="configuration-method after">
                <img src="failed.png">
                </img>
                <span class="method-name">afterMethod([TestResult name=bySearchingProduct status=FAILURE method=tc__BySearchingProduct_RegUser_InGcAndCc.b...)</span>
                <span class="method-start">107932 ms</span>
              </div> <!-- configuration-method after -->
            </div> <!-- chronological-class -->
            <div class="chronological-class">
              <div class="chronological-class-name">com.RegUserWith_GcAndCC.tc__OnlyGiftCards_Reg_InGcAndCC</div> <!-- chronological-class-name -->
              <div class="configuration-class before">
                <span class="method-name">setUp</span>
                <span class="method-start">107947 ms</span>
              </div> <!-- configuration-class before -->
              <div class="test-method">
                <img src="failed.png">
                </img>
                <span class="method-name">OnlyGiftCards</span>
                <span class="method-start">109957 ms</span>
              </div> <!-- test-method -->
              <div class="configuration-method after">
                <img src="failed.png">
                </img>
                <span class="method-name">afterMethod([TestResult name=OnlyGiftCards status=FAILURE method=tc__OnlyGiftCards_Reg_InGcAndCC.OnlyGiftCards()...)</span>
                <span class="method-start">109982 ms</span>
              </div> <!-- configuration-method after -->
            </div> <!-- chronological-class -->
            <div class="chronological-class">
              <div class="chronological-class-name">com.RegUserWith_GcAndCC.tc__simpleProductAndGc_InCCAndCc_InRegUser</div> <!-- chronological-class-name -->
              <div class="configuration-class before">
                <span class="method-name">setUp</span>
                <span class="method-start">109990 ms</span>
              </div> <!-- configuration-class before -->
              <div class="test-method">
                <img src="failed.png">
                </img>
                <span class="method-name">simpleProduct_Gc</span>
                <span class="method-start">112003 ms</span>
              </div> <!-- test-method -->
              <div class="configuration-method after">
                <img src="failed.png">
                </img>
                <span class="method-name">afterMethod([TestResult name=simpleProduct_Gc status=FAILURE method=tc__simpleProductAndGc_InCCAndCc_InRegUser.s...)</span>
                <span class="method-start">112034 ms</span>
              </div> <!-- configuration-method after -->
            </div> <!-- chronological-class -->
            <div class="chronological-class">
              <div class="chronological-class-name">com.RegUserWith_GiftCard.tc__BySearchingProduct_Reg_InGc</div> <!-- chronological-class-name -->
              <div class="configuration-class before">
                <span class="method-name">setUp</span>
                <span class="method-start">112048 ms</span>
              </div> <!-- configuration-class before -->
              <div class="test-method">
                <img src="failed.png">
                </img>
                <span class="method-name">bySearchingProduct</span>
                <span class="method-start">114059 ms</span>
              </div> <!-- test-method -->
              <div class="configuration-method after">
                <img src="failed.png">
                </img>
                <span class="method-name">afterMethod([TestResult name=bySearchingProduct status=FAILURE method=tc__BySearchingProduct_Reg_InGc.bySearchin...)</span>
                <span class="method-start">116099 ms</span>
              </div> <!-- configuration-method after -->
            </div> <!-- chronological-class -->
            <div class="chronological-class">
              <div class="chronological-class-name">com.RegUserWith_GiftCard.tc__OnlyGiftCards_Reg_InGc</div> <!-- chronological-class-name -->
              <div class="configuration-class before">
                <span class="method-name">setUp</span>
                <span class="method-start">116111 ms</span>
              </div> <!-- configuration-class before -->
              <div class="test-method">
                <img src="failed.png">
                </img>
                <span class="method-name">OnlyGiftCards</span>
                <span class="method-start">118127 ms</span>
              </div> <!-- test-method -->
              <div class="configuration-method after">
                <img src="failed.png">
                </img>
                <span class="method-name">afterMethod([TestResult name=OnlyGiftCards status=FAILURE method=tc__OnlyGiftCards_Reg_InGc.OnlyGiftCards()[pri:...)</span>
                <span class="method-start">118146 ms</span>
              </div> <!-- configuration-method after -->
            </div> <!-- chronological-class -->
            <div class="chronological-class">
              <div class="chronological-class-name">com.RegUserWith_GiftCard.tc__RandomProducts_GuestUser_Gc</div> <!-- chronological-class-name -->
              <div class="configuration-class before">
                <span class="method-name">setUp</span>
                <span class="method-start">118155 ms</span>
              </div> <!-- configuration-class before -->
              <div class="test-method">
                <img src="failed.png">
                </img>
                <span class="method-name">paymentByGiftCardInGuestUser</span>
                <span class="method-start">120160 ms</span>
              </div> <!-- test-method -->
              <div class="configuration-method after">
                <img src="failed.png">
                </img>
                <span class="method-name">afterMethod([TestResult name=paymentByGiftCardInGuestUser status=FAILURE method=tc__RandomProducts_GuestUser_Gc....)</span>
                <span class="method-start">120183 ms</span>
              </div> <!-- configuration-method after -->
            </div> <!-- chronological-class -->
            <div class="chronological-class">
              <div class="chronological-class-name">com.RegUserWith_GiftCard.tc__SimpleProductAndGc_Reg_InGc</div> <!-- chronological-class-name -->
              <div class="configuration-class before">
                <span class="method-name">setUp</span>
                <span class="method-start">120193 ms</span>
              </div> <!-- configuration-class before -->
              <div class="test-method">
                <img src="failed.png">
                </img>
                <span class="method-name">simpleProduct_Gc</span>
                <span class="method-start">122206 ms</span>
              </div> <!-- test-method -->
              <div class="configuration-method after">
                <img src="failed.png">
                </img>
                <span class="method-name">afterMethod([TestResult name=simpleProduct_Gc status=FAILURE method=tc__SimpleProductAndGc_Reg_InGc.simpleProduc...)</span>
                <span class="method-start">122227 ms</span>
              </div> <!-- configuration-method after -->
            </div> <!-- chronological-class -->
            <div class="chronological-class">
              <div class="chronological-class-name">com.RegUserWith_GcAndPaypal.tc__RandomProductsGuestUser_InGcAndPaypal</div> <!-- chronological-class-name -->
              <div class="configuration-class before">
                <span class="method-name">setUp</span>
                <span class="method-start">122241 ms</span>
              </div> <!-- configuration-class before -->
              <div class="test-method">
                <img src="failed.png">
                </img>
                <span class="method-name">simpleProduct</span>
                <span class="method-start">124254 ms</span>
              </div> <!-- test-method -->
              <div class="configuration-method after">
                <img src="failed.png">
                </img>
                <span class="method-name">afterMethod([TestResult name=simpleProduct status=FAILURE method=tc__RandomProductsGuestUser_InGcAndPaypal.simpl...)</span>
                <span class="method-start">124258 ms</span>
              </div> <!-- configuration-method after -->
            </div> <!-- chronological-class -->
            <div class="chronological-class">
              <div class="chronological-class-name">com.RegUserWith_GcAndPaypal.tc__simpleProductAndGc_InGcAndPaypal</div> <!-- chronological-class-name -->
              <div class="configuration-class before">
                <span class="method-name">setUp</span>
                <span class="method-start">124266 ms</span>
              </div> <!-- configuration-class before -->
              <div class="test-method">
                <img src="failed.png">
                </img>
                <span class="method-name">simpleProduct_Gc</span>
                <span class="method-start">126282 ms</span>
              </div> <!-- test-method -->
              <div class="configuration-method after">
                <img src="failed.png">
                </img>
                <span class="method-name">afterMethod([TestResult name=simpleProduct_Gc status=FAILURE method=tc__simpleProductAndGc_InGcAndPaypal.simpleP...)</span>
                <span class="method-start">126298 ms</span>
              </div> <!-- configuration-method after -->
            </div> <!-- chronological-class -->
            <div class="chronological-class">
              <div class="chronological-class-name">com.RegUserWith_GcAndPaypal.tc__OnlyGiftCards_Reg_InGcAndPaypal</div> <!-- chronological-class-name -->
              <div class="configuration-class before">
                <span class="method-name">setUp</span>
                <span class="method-start">126308 ms</span>
              </div> <!-- configuration-class before -->
              <div class="test-method">
                <img src="failed.png">
                </img>
                <span class="method-name">OnlyGiftCards</span>
                <span class="method-start">128315 ms</span>
              </div> <!-- test-method -->
              <div class="configuration-method after">
                <img src="failed.png">
                </img>
                <span class="method-name">afterMethod([TestResult name=OnlyGiftCards status=FAILURE method=tc__OnlyGiftCards_Reg_InGcAndPaypal.OnlyGiftCar...)</span>
                <span class="method-start">128332 ms</span>
              </div> <!-- configuration-method after -->
            </div> <!-- chronological-class -->
            <div class="chronological-class">
              <div class="chronological-class-name">com.RegUserWith_Checkout_Paypal.tc__BySearchingProduct_RegUser_InCheckoutPaypal</div> <!-- chronological-class-name -->
              <div class="configuration-class before">
                <span class="method-name">setUp</span>
                <span class="method-start">128341 ms</span>
              </div> <!-- configuration-class before -->
              <div class="test-method">
                <img src="failed.png">
                </img>
                <span class="method-name">bySearchingProduct</span>
                <span class="method-start">130358 ms</span>
              </div> <!-- test-method -->
              <div class="configuration-method after">
                <img src="failed.png">
                </img>
                <span class="method-name">afterMethod([TestResult name=bySearchingProduct status=FAILURE method=tc__BySearchingProduct_RegUser_InCheckoutP...)</span>
                <span class="method-start">132415 ms</span>
              </div> <!-- configuration-method after -->
            </div> <!-- chronological-class -->
            <div class="chronological-class">
              <div class="chronological-class-name">com.RegUserWith_Checkout_Paypal.tc__OnlyGiftCards_Checkout_Paypal_RegUser</div> <!-- chronological-class-name -->
              <div class="configuration-class before">
                <span class="method-name">setUp</span>
                <span class="method-start">132437 ms</span>
              </div> <!-- configuration-class before -->
              <div class="test-method">
                <img src="failed.png">
                </img>
                <span class="method-name">OnlyGiftCards</span>
                <span class="method-start">134458 ms</span>
              </div> <!-- test-method -->
              <div class="configuration-method after">
                <img src="failed.png">
                </img>
                <span class="method-name">afterMethod([TestResult name=OnlyGiftCards status=FAILURE method=tc__OnlyGiftCards_Checkout_Paypal_RegUser.OnlyG...)</span>
                <span class="method-start">134472 ms</span>
              </div> <!-- configuration-method after -->
            </div> <!-- chronological-class -->
            <div class="chronological-class">
              <div class="chronological-class-name">com.RegUserWith_Checkout_Paypal.tc__SimpleProductAndGc_InCheckout_Paypal_RegUser</div> <!-- chronological-class-name -->
              <div class="configuration-class before">
                <span class="method-name">setUp</span>
                <span class="method-start">134488 ms</span>
              </div> <!-- configuration-class before -->
              <div class="test-method">
                <img src="failed.png">
                </img>
                <span class="method-name">simpleProduct_Gc</span>
                <span class="method-start">136497 ms</span>
              </div> <!-- test-method -->
              <div class="configuration-method after">
                <img src="failed.png">
                </img>
                <span class="method-name">afterMethod([TestResult name=simpleProduct_Gc status=FAILURE method=tc__SimpleProductAndGc_InCheckout_Paypal_Reg...)</span>
                <span class="method-start">136513 ms</span>
              </div> <!-- configuration-method after -->
            </div> <!-- chronological-class -->
            <div class="chronological-class">
              <div class="chronological-class-name">com.RegUserWith_Checkout_Paypal.tc__RandomProducts_CheckoutPaypal_RegUser</div> <!-- chronological-class-name -->
              <div class="configuration-class before">
                <span class="method-name">setUp</span>
                <span class="method-start">136524 ms</span>
              </div> <!-- configuration-class before -->
              <div class="test-method">
                <img src="failed.png">
                </img>
                <span class="method-name">randomProducts</span>
                <span class="method-start">138542 ms</span>
              </div> <!-- test-method -->
              <div class="configuration-method after">
                <img src="failed.png">
                </img>
                <span class="method-name">afterMethod([TestResult name=randomProducts status=FAILURE method=tc__RandomProducts_CheckoutPaypal_RegUser.rand...)</span>
                <span class="method-start">138571 ms</span>
              </div> <!-- configuration-method after -->
            </div> <!-- chronological-class -->
            <div class="chronological-class">
              <div class="chronological-class-name">com.RegUserWith_ViewCart_Paypal.tc__BySearchingProduct_Reg_InVC_Paypal</div> <!-- chronological-class-name -->
              <div class="configuration-class before">
                <span class="method-name">setUp</span>
                <span class="method-start">138583 ms</span>
              </div> <!-- configuration-class before -->
              <div class="test-method">
                <img src="failed.png">
                </img>
                <span class="method-name">bySearchingProduct</span>
                <span class="method-start">140596 ms</span>
              </div> <!-- test-method -->
              <div class="configuration-method after">
                <img src="failed.png">
                </img>
                <span class="method-name">afterMethod([TestResult name=bySearchingProduct status=FAILURE method=tc__BySearchingProduct_Reg_InVC_Paypal.byS...)</span>
                <span class="method-start">142643 ms</span>
              </div> <!-- configuration-method after -->
            </div> <!-- chronological-class -->
            <div class="chronological-class">
              <div class="chronological-class-name">com.RegUserWith_ViewCart_Paypal.tc__OnlyGiftCards_GuestUser_VC_Paypal</div> <!-- chronological-class-name -->
              <div class="configuration-class before">
                <span class="method-name">setUp</span>
                <span class="method-start">142663 ms</span>
              </div> <!-- configuration-class before -->
              <div class="test-method">
                <img src="failed.png">
                </img>
                <span class="method-name">OnlyGiftCards</span>
                <span class="method-start">144676 ms</span>
              </div> <!-- test-method -->
              <div class="configuration-method after">
                <img src="failed.png">
                </img>
                <span class="method-name">afterMethod([TestResult name=OnlyGiftCards status=FAILURE method=tc__OnlyGiftCards_GuestUser_VC_Paypal.OnlyGiftC...)</span>
                <span class="method-start">144691 ms</span>
              </div> <!-- configuration-method after -->
            </div> <!-- chronological-class -->
            <div class="chronological-class">
              <div class="chronological-class-name">com.RegUserWith_ViewCart_Paypal.tc__simpleProductAndGc_Reg_InVC_Paypal</div> <!-- chronological-class-name -->
              <div class="configuration-class before">
                <span class="method-name">setUp</span>
                <span class="method-start">144700 ms</span>
              </div> <!-- configuration-class before -->
              <div class="test-method">
                <img src="failed.png">
                </img>
                <span class="method-name">simpleProduct_Gc</span>
                <span class="method-start">146719 ms</span>
              </div> <!-- test-method -->
              <div class="configuration-method after">
                <img src="failed.png">
                </img>
                <span class="method-name">afterMethod([TestResult name=simpleProduct_Gc status=FAILURE method=tc__simpleProductAndGc_Reg_InVC_Paypal.simpl...)</span>
                <span class="method-start">146736 ms</span>
              </div> <!-- configuration-method after -->
            </div> <!-- chronological-class -->
            <div class="chronological-class">
              <div class="chronological-class-name">com.providio.logout.tc__LogOut</div> <!-- chronological-class-name -->
              <div class="configuration-class before">
                <span class="method-name">setUp</span>
                <span class="method-start">146751 ms</span>
              </div> <!-- configuration-class before -->
              <div class="test-method">
                <img src="failed.png">
                </img>
                <span class="method-name">Logout</span>
                <span class="method-start">148761 ms</span>
              </div> <!-- test-method -->
              <div class="configuration-method after">
                <img src="failed.png">
                </img>
                <span class="method-name">afterMethod([TestResult name=Logout status=FAILURE method=tc__LogOut.Logout()[pri:0, instance:com.providio.logou...)</span>
                <span class="method-start">153783 ms</span>
              </div> <!-- configuration-method after -->
            </div> <!-- chronological-class -->
            <div class="chronological-class">
              <div class="chronological-class-name">com.providio.login.tc__Login</div> <!-- chronological-class-name -->
              <div class="configuration-suite after">
                <img src="failed.png">
                </img>
                <span class="method-name">tearDown</span>
                <span class="method-start">153912 ms</span>
              </div> <!-- configuration-suite after -->
          </div> <!-- main-panel-content rounded-window-bottom -->
        </div> <!-- panel -->
      </div> <!-- main-panel-root -->
    </div> <!-- wrapper -->
  </body>
<script type="text/javascript" src="testng-reports2.js"></script>
</html>
